{"/Users/Spencer/Documents/git/divine-engine/src/index.ts":{"path":"/Users/Spencer/Documents/git/divine-engine/src/index.ts","statementMap":{"0":{"start":{"line":3,"column":0},"end":{"line":5,"column":3}},"1":{"start":{"line":7,"column":18},"end":{"line":7,"column":41}},"2":{"start":{"line":9,"column":0},"end":{"line":17,"column":3}},"3":{"start":{"line":10,"column":2},"end":{"line":10,"column":56}},"4":{"start":{"line":10,"column":49},"end":{"line":10,"column":56}},"5":{"start":{"line":11,"column":2},"end":{"line":16,"column":5}},"6":{"start":{"line":14,"column":6},"end":{"line":14,"column":30}},"7":{"start":{"line":19,"column":12},"end":{"line":19,"column":29}},"8":{"start":{"line":21,"column":0},"end":{"line":29,"column":3}},"9":{"start":{"line":22,"column":2},"end":{"line":22,"column":56}},"10":{"start":{"line":22,"column":49},"end":{"line":22,"column":56}},"11":{"start":{"line":23,"column":2},"end":{"line":28,"column":5}},"12":{"start":{"line":26,"column":6},"end":{"line":26,"column":24}}},"fnMap":{"0":{"name":"(anonymous_0)","decl":{"start":{"line":9,"column":33},"end":{"line":9,"column":34}},"loc":{"start":{"line":9,"column":48},"end":{"line":17,"column":1}},"line":9},"1":{"name":"get","decl":{"start":{"line":13,"column":18},"end":{"line":13,"column":21}},"loc":{"start":{"line":13,"column":24},"end":{"line":15,"column":5}},"line":13},"2":{"name":"(anonymous_2)","decl":{"start":{"line":21,"column":27},"end":{"line":21,"column":28}},"loc":{"start":{"line":21,"column":42},"end":{"line":29,"column":1}},"line":21},"3":{"name":"get","decl":{"start":{"line":25,"column":18},"end":{"line":25,"column":21}},"loc":{"start":{"line":25,"column":24},"end":{"line":27,"column":5}},"line":25}},"branchMap":{"0":{"loc":{"start":{"line":10,"column":2},"end":{"line":10,"column":56}},"type":"if","locations":[{"start":{"line":10,"column":2},"end":{"line":10,"column":56}},{"start":{"line":10,"column":2},"end":{"line":10,"column":56}}],"line":10},"1":{"loc":{"start":{"line":10,"column":6},"end":{"line":10,"column":47}},"type":"binary-expr","locations":[{"start":{"line":10,"column":6},"end":{"line":10,"column":23}},{"start":{"line":10,"column":27},"end":{"line":10,"column":47}}],"line":10},"2":{"loc":{"start":{"line":22,"column":2},"end":{"line":22,"column":56}},"type":"if","locations":[{"start":{"line":22,"column":2},"end":{"line":22,"column":56}},{"start":{"line":22,"column":2},"end":{"line":22,"column":56}}],"line":22},"3":{"loc":{"start":{"line":22,"column":6},"end":{"line":22,"column":47}},"type":"binary-expr","locations":[{"start":{"line":22,"column":6},"end":{"line":22,"column":23}},{"start":{"line":22,"column":27},"end":{"line":22,"column":47}}],"line":22}},"s":{"0":1,"1":1,"2":1,"3":3,"4":0,"5":3,"6":3,"7":1,"8":1,"9":38,"10":0,"11":38,"12":214},"f":{"0":3,"1":3,"2":38,"3":214},"b":{"0":[0,3],"1":[3,3],"2":[0,38],"3":[38,38]},"_coverageSchema":"d34fc3e6b8297bcde183f5492bcb8fcb36775295","hash":"7dc62120ea789181971b35ffa00021acb89b6718","contentHash":"3de76c36b133a437d37c8bfc68342a54_12.0.2"},"/Users/Spencer/Documents/git/divine-engine/src/components/index.ts":{"path":"/Users/Spencer/Documents/git/divine-engine/src/components/index.ts","statementMap":{"0":{"start":{"line":3,"column":0},"end":{"line":5,"column":3}},"1":{"start":{"line":7,"column":21},"end":{"line":7,"column":47}},"2":{"start":{"line":9,"column":0},"end":{"line":17,"column":3}},"3":{"start":{"line":10,"column":2},"end":{"line":10,"column":56}},"4":{"start":{"line":10,"column":49},"end":{"line":10,"column":56}},"5":{"start":{"line":11,"column":2},"end":{"line":16,"column":5}},"6":{"start":{"line":14,"column":6},"end":{"line":14,"column":33}},"7":{"start":{"line":19,"column":23},"end":{"line":19,"column":51}},"8":{"start":{"line":21,"column":0},"end":{"line":29,"column":3}},"9":{"start":{"line":22,"column":2},"end":{"line":22,"column":56}},"10":{"start":{"line":22,"column":49},"end":{"line":22,"column":56}},"11":{"start":{"line":23,"column":2},"end":{"line":28,"column":5}},"12":{"start":{"line":26,"column":6},"end":{"line":26,"column":35}},"13":{"start":{"line":31,"column":22},"end":{"line":31,"column":49}},"14":{"start":{"line":33,"column":0},"end":{"line":41,"column":3}},"15":{"start":{"line":34,"column":2},"end":{"line":34,"column":56}},"16":{"start":{"line":34,"column":49},"end":{"line":34,"column":56}},"17":{"start":{"line":35,"column":2},"end":{"line":40,"column":5}},"18":{"start":{"line":38,"column":6},"end":{"line":38,"column":34}}},"fnMap":{"0":{"name":"(anonymous_0)","decl":{"start":{"line":9,"column":36},"end":{"line":9,"column":37}},"loc":{"start":{"line":9,"column":51},"end":{"line":17,"column":1}},"line":9},"1":{"name":"get","decl":{"start":{"line":13,"column":18},"end":{"line":13,"column":21}},"loc":{"start":{"line":13,"column":24},"end":{"line":15,"column":5}},"line":13},"2":{"name":"(anonymous_2)","decl":{"start":{"line":21,"column":38},"end":{"line":21,"column":39}},"loc":{"start":{"line":21,"column":53},"end":{"line":29,"column":1}},"line":21},"3":{"name":"get","decl":{"start":{"line":25,"column":18},"end":{"line":25,"column":21}},"loc":{"start":{"line":25,"column":24},"end":{"line":27,"column":5}},"line":25},"4":{"name":"(anonymous_4)","decl":{"start":{"line":33,"column":37},"end":{"line":33,"column":38}},"loc":{"start":{"line":33,"column":52},"end":{"line":41,"column":1}},"line":33},"5":{"name":"get","decl":{"start":{"line":37,"column":18},"end":{"line":37,"column":21}},"loc":{"start":{"line":37,"column":24},"end":{"line":39,"column":5}},"line":37}},"branchMap":{"0":{"loc":{"start":{"line":10,"column":2},"end":{"line":10,"column":56}},"type":"if","locations":[{"start":{"line":10,"column":2},"end":{"line":10,"column":56}},{"start":{"line":10,"column":2},"end":{"line":10,"column":56}}],"line":10},"1":{"loc":{"start":{"line":10,"column":6},"end":{"line":10,"column":47}},"type":"binary-expr","locations":[{"start":{"line":10,"column":6},"end":{"line":10,"column":23}},{"start":{"line":10,"column":27},"end":{"line":10,"column":47}}],"line":10},"2":{"loc":{"start":{"line":22,"column":2},"end":{"line":22,"column":56}},"type":"if","locations":[{"start":{"line":22,"column":2},"end":{"line":22,"column":56}},{"start":{"line":22,"column":2},"end":{"line":22,"column":56}}],"line":22},"3":{"loc":{"start":{"line":22,"column":6},"end":{"line":22,"column":47}},"type":"binary-expr","locations":[{"start":{"line":22,"column":6},"end":{"line":22,"column":23}},{"start":{"line":22,"column":27},"end":{"line":22,"column":47}}],"line":22},"4":{"loc":{"start":{"line":34,"column":2},"end":{"line":34,"column":56}},"type":"if","locations":[{"start":{"line":34,"column":2},"end":{"line":34,"column":56}},{"start":{"line":34,"column":2},"end":{"line":34,"column":56}}],"line":34},"5":{"loc":{"start":{"line":34,"column":6},"end":{"line":34,"column":47}},"type":"binary-expr","locations":[{"start":{"line":34,"column":6},"end":{"line":34,"column":23}},{"start":{"line":34,"column":27},"end":{"line":34,"column":47}}],"line":34}},"s":{"0":1,"1":1,"2":1,"3":1,"4":0,"5":1,"6":2,"7":1,"8":1,"9":1,"10":0,"11":1,"12":1,"13":1,"14":1,"15":1,"16":0,"17":1,"18":0},"f":{"0":1,"1":2,"2":1,"3":1,"4":1,"5":0},"b":{"0":[0,1],"1":[1,1],"2":[0,1],"3":[1,1],"4":[0,1],"5":[1,1]},"_coverageSchema":"d34fc3e6b8297bcde183f5492bcb8fcb36775295","hash":"9f0a50bace253cea54b9eaf5b57a01fc9a0f32b2","contentHash":"b35f3f8357665e294af9efea318603f9_12.0.2"},"/Users/Spencer/Documents/git/divine-engine/src/components/flagcomponent.ts":{"path":"/Users/Spencer/Documents/git/divine-engine/src/components/flagcomponent.ts","statementMap":{"0":{"start":{"line":3,"column":29},"end":{"line":3,"column":84}},"1":{"start":{"line":5,"column":0},"end":{"line":7,"column":3}},"2":{"start":{"line":8,"column":0},"end":{"line":8,"column":31}},"3":{"start":{"line":10,"column":23},"end":{"line":10,"column":95}},"4":{"start":{"line":12,"column":20},"end":{"line":12,"column":89}},"5":{"start":{"line":14,"column":34},"end":{"line":14,"column":117}},"6":{"start":{"line":16,"column":23},"end":{"line":16,"column":95}},"7":{"start":{"line":18,"column":17},"end":{"line":18,"column":83}},"8":{"start":{"line":20,"column":30},"end":{"line":20,"column":109}},"9":{"start":{"line":22,"column":23},"end":{"line":22,"column":95}},"10":{"start":{"line":24,"column":17},"end":{"line":24,"column":45}},"11":{"start":{"line":26,"column":14},"end":{"line":26,"column":39}},"12":{"start":{"line":30,"column":0},"end":{"line":53,"column":23}},"13":{"start":{"line":31,"column":2},"end":{"line":31,"column":53}},"14":{"start":{"line":36,"column":19},"end":{"line":36,"column":110}},"15":{"start":{"line":37,"column":4},"end":{"line":37,"column":55}},"16":{"start":{"line":38,"column":4},"end":{"line":38,"column":146}},"17":{"start":{"line":39,"column":4},"end":{"line":39,"column":30}},"18":{"start":{"line":40,"column":4},"end":{"line":40,"column":139}},"19":{"start":{"line":41,"column":4},"end":{"line":41,"column":56}},"20":{"start":{"line":42,"column":4},"end":{"line":42,"column":30}},"21":{"start":{"line":43,"column":4},"end":{"line":43,"column":17}},"22":{"start":{"line":46,"column":2},"end":{"line":51,"column":6}},"23":{"start":{"line":49,"column":6},"end":{"line":49,"column":29}},"24":{"start":{"line":52,"column":2},"end":{"line":52,"column":23}},"25":{"start":{"line":55,"column":0},"end":{"line":55,"column":38}},"26":{"start":{"line":56,"column":0},"end":{"line":56,"column":80}},"27":{"start":{"line":57,"column":0},"end":{"line":57,"column":68}}},"fnMap":{"0":{"name":"(anonymous_0)","decl":{"start":{"line":30,"column":0},"end":{"line":30,"column":1}},"loc":{"start":{"line":30,"column":22},"end":{"line":53,"column":1}},"line":30},"1":{"name":"FlagComponent","decl":{"start":{"line":33,"column":11},"end":{"line":33,"column":24}},"loc":{"start":{"line":33,"column":27},"end":{"line":44,"column":3}},"line":33},"2":{"name":"getFlagnumber","decl":{"start":{"line":48,"column":20},"end":{"line":48,"column":33}},"loc":{"start":{"line":48,"column":36},"end":{"line":50,"column":5}},"line":48}},"branchMap":{"0":{"loc":{"start":{"line":36,"column":19},"end":{"line":36,"column":110}},"type":"cond-expr","locations":[{"start":{"line":36,"column":72},"end":{"line":36,"column":84}},{"start":{"line":36,"column":87},"end":{"line":36,"column":110}}],"line":36},"1":{"loc":{"start":{"line":36,"column":19},"end":{"line":36,"column":69}},"type":"binary-expr","locations":[{"start":{"line":36,"column":19},"end":{"line":36,"column":39}},{"start":{"line":36,"column":43},"end":{"line":36,"column":69}}],"line":36}},"s":{"0":1,"1":1,"2":1,"3":1,"4":1,"5":1,"6":1,"7":1,"8":1,"9":1,"10":1,"11":1,"12":1,"13":1,"14":2,"15":2,"16":2,"17":2,"18":2,"19":2,"20":2,"21":2,"22":1,"23":2,"24":1,"25":1,"26":1,"27":1},"f":{"0":1,"1":2,"2":2},"b":{"0":[2,0],"1":[2,2]},"_coverageSchema":"d34fc3e6b8297bcde183f5492bcb8fcb36775295","hash":"28a0ddc6670b8ce7320932ae9a3f3aa4a1d32752","contentHash":"fdf1572e85120491c7b4b8cf1a48e80b_12.0.2"},"/Users/Spencer/Documents/git/divine-engine/src/core/component.ts":{"path":"/Users/Spencer/Documents/git/divine-engine/src/core/component.ts","statementMap":{"0":{"start":{"line":3,"column":29},"end":{"line":3,"column":84}},"1":{"start":{"line":5,"column":0},"end":{"line":7,"column":3}},"2":{"start":{"line":8,"column":0},"end":{"line":8,"column":27}},"3":{"start":{"line":10,"column":23},"end":{"line":10,"column":95}},"4":{"start":{"line":12,"column":34},"end":{"line":12,"column":117}},"5":{"start":{"line":14,"column":23},"end":{"line":14,"column":95}},"6":{"start":{"line":16,"column":17},"end":{"line":16,"column":83}},"7":{"start":{"line":18,"column":15},"end":{"line":18,"column":35}},"8":{"start":{"line":22,"column":0},"end":{"line":32,"column":19}},"9":{"start":{"line":23,"column":2},"end":{"line":23,"column":47}},"10":{"start":{"line":26,"column":14},"end":{"line":26,"column":84}},"11":{"start":{"line":27,"column":4},"end":{"line":27,"column":51}},"12":{"start":{"line":28,"column":4},"end":{"line":28,"column":116}},"13":{"start":{"line":31,"column":2},"end":{"line":31,"column":19}},"14":{"start":{"line":34,"column":0},"end":{"line":34,"column":30}}},"fnMap":{"0":{"name":"(anonymous_0)","decl":{"start":{"line":22,"column":0},"end":{"line":22,"column":1}},"loc":{"start":{"line":22,"column":20},"end":{"line":32,"column":1}},"line":22},"1":{"name":"Component","decl":{"start":{"line":25,"column":11},"end":{"line":25,"column":20}},"loc":{"start":{"line":25,"column":23},"end":{"line":29,"column":3}},"line":25}},"branchMap":{"0":{"loc":{"start":{"line":26,"column":14},"end":{"line":26,"column":84}},"type":"cond-expr","locations":[{"start":{"line":26,"column":67},"end":{"line":26,"column":79}},{"start":{"line":26,"column":82},"end":{"line":26,"column":84}}],"line":26},"1":{"loc":{"start":{"line":26,"column":14},"end":{"line":26,"column":64}},"type":"binary-expr","locations":[{"start":{"line":26,"column":14},"end":{"line":26,"column":34}},{"start":{"line":26,"column":38},"end":{"line":26,"column":64}}],"line":26}},"s":{"0":1,"1":1,"2":1,"3":1,"4":1,"5":1,"6":1,"7":1,"8":1,"9":1,"10":3,"11":3,"12":3,"13":1,"14":1},"f":{"0":1,"1":3},"b":{"0":[3,0],"1":[3,3]},"_coverageSchema":"d34fc3e6b8297bcde183f5492bcb8fcb36775295","hash":"50cadd1320d94a5f1051d62dde63154ecd7f0bec","contentHash":"cefeb29b6a095b203c77dbed7ea52b35_12.0.2"},"/Users/Spencer/Documents/git/divine-engine/src/core/dobject.ts":{"path":"/Users/Spencer/Documents/git/divine-engine/src/core/dobject.ts","statementMap":{"0":{"start":{"line":3,"column":29},"end":{"line":3,"column":84}},"1":{"start":{"line":5,"column":0},"end":{"line":7,"column":3}},"2":{"start":{"line":8,"column":0},"end":{"line":8,"column":25}},"3":{"start":{"line":10,"column":23},"end":{"line":10,"column":95}},"4":{"start":{"line":12,"column":20},"end":{"line":12,"column":89}},"5":{"start":{"line":14,"column":23},"end":{"line":14,"column":95}},"6":{"start":{"line":16,"column":14},"end":{"line":16,"column":33}},"7":{"start":{"line":18,"column":15},"end":{"line":18,"column":35}},"8":{"start":{"line":27,"column":0},"end":{"line":66,"column":3}},"9":{"start":{"line":34,"column":14},"end":{"line":34,"column":84}},"10":{"start":{"line":35,"column":4},"end":{"line":35,"column":49}},"11":{"start":{"line":36,"column":4},"end":{"line":36,"column":55}},"12":{"start":{"line":37,"column":4},"end":{"line":37,"column":55}},"13":{"start":{"line":38,"column":4},"end":{"line":38,"column":35}},"14":{"start":{"line":39,"column":4},"end":{"line":39,"column":19}},"15":{"start":{"line":47,"column":2},"end":{"line":64,"column":6}},"16":{"start":{"line":57,"column":6},"end":{"line":57,"column":93}},"17":{"start":{"line":62,"column":6},"end":{"line":62,"column":22}},"18":{"start":{"line":65,"column":2},"end":{"line":65,"column":17}},"19":{"start":{"line":68,"column":0},"end":{"line":68,"column":26}}},"fnMap":{"0":{"name":"(anonymous_0)","decl":{"start":{"line":27,"column":0},"end":{"line":27,"column":1}},"loc":{"start":{"line":27,"column":12},"end":{"line":66,"column":1}},"line":27},"1":{"name":"DObject","decl":{"start":{"line":33,"column":11},"end":{"line":33,"column":18}},"loc":{"start":{"line":33,"column":21},"end":{"line":40,"column":3}},"line":33},"2":{"name":"onMessage","decl":{"start":{"line":56,"column":20},"end":{"line":56,"column":29}},"loc":{"start":{"line":56,"column":39},"end":{"line":58,"column":5}},"line":56},"3":{"name":"get","decl":{"start":{"line":61,"column":18},"end":{"line":61,"column":21}},"loc":{"start":{"line":61,"column":24},"end":{"line":63,"column":5}},"line":61}},"branchMap":{"0":{"loc":{"start":{"line":34,"column":14},"end":{"line":34,"column":84}},"type":"cond-expr","locations":[{"start":{"line":34,"column":67},"end":{"line":34,"column":79}},{"start":{"line":34,"column":82},"end":{"line":34,"column":84}}],"line":34},"1":{"loc":{"start":{"line":34,"column":14},"end":{"line":34,"column":64}},"type":"binary-expr","locations":[{"start":{"line":34,"column":14},"end":{"line":34,"column":34}},{"start":{"line":34,"column":38},"end":{"line":34,"column":64}}],"line":34}},"s":{"0":1,"1":1,"2":1,"3":1,"4":1,"5":1,"6":1,"7":1,"8":1,"9":46,"10":46,"11":46,"12":46,"13":46,"14":46,"15":1,"16":0,"17":0,"18":1,"19":1},"f":{"0":1,"1":46,"2":0,"3":0},"b":{"0":[6,40],"1":[46,6]},"_coverageSchema":"d34fc3e6b8297bcde183f5492bcb8fcb36775295","hash":"e4bc5acc14efa5a6d9a68a2bcbd5c4e9262e602c","contentHash":"812398c0ed4e208f9b0baedf85cbb00c_12.0.2"},"/Users/Spencer/Documents/git/divine-engine/src/core/helper.ts":{"path":"/Users/Spencer/Documents/git/divine-engine/src/core/helper.ts","statementMap":{"0":{"start":{"line":3,"column":29},"end":{"line":3,"column":84}},"1":{"start":{"line":5,"column":0},"end":{"line":7,"column":3}},"2":{"start":{"line":8,"column":0},"end":{"line":8,"column":20}},"3":{"start":{"line":9,"column":0},"end":{"line":9,"column":40}},"4":{"start":{"line":11,"column":23},"end":{"line":11,"column":95}},"5":{"start":{"line":18,"column":4},"end":{"line":18,"column":79}},"6":{"start":{"line":21,"column":2},"end":{"line":21,"column":107}},"7":{"start":{"line":29,"column":0},"end":{"line":29,"column":24}},"8":{"start":{"line":31,"column":0},"end":{"line":35,"column":45}},"9":{"start":{"line":32,"column":2},"end":{"line":32,"column":44}},"10":{"start":{"line":33,"column":2},"end":{"line":33,"column":44}},"11":{"start":{"line":34,"column":2},"end":{"line":34,"column":46}},"12":{"start":{"line":37,"column":12},"end":{"line":43,"column":1}},"13":{"start":{"line":38,"column":10},"end":{"line":38,"column":79}},"14":{"start":{"line":39,"column":10},"end":{"line":39,"column":79}},"15":{"start":{"line":40,"column":2},"end":{"line":40,"column":45}},"16":{"start":{"line":41,"column":2},"end":{"line":41,"column":13}},"17":{"start":{"line":42,"column":2},"end":{"line":42,"column":13}},"18":{"start":{"line":45,"column":0},"end":{"line":45,"column":22}}},"fnMap":{"0":{"name":"guid","decl":{"start":{"line":16,"column":9},"end":{"line":16,"column":13}},"loc":{"start":{"line":16,"column":16},"end":{"line":22,"column":1}},"line":16},"1":{"name":"s4","decl":{"start":{"line":17,"column":11},"end":{"line":17,"column":13}},"loc":{"start":{"line":17,"column":16},"end":{"line":19,"column":3}},"line":17},"2":{"name":"(anonymous_2)","decl":{"start":{"line":31,"column":1},"end":{"line":31,"column":2}},"loc":{"start":{"line":31,"column":19},"end":{"line":35,"column":1}},"line":31},"3":{"name":"Point","decl":{"start":{"line":37,"column":21},"end":{"line":37,"column":26}},"loc":{"start":{"line":37,"column":29},"end":{"line":43,"column":1}},"line":37}},"branchMap":{"0":{"loc":{"start":{"line":35,"column":3},"end":{"line":35,"column":43}},"type":"binary-expr","locations":[{"start":{"line":35,"column":3},"end":{"line":35,"column":9}},{"start":{"line":35,"column":14},"end":{"line":35,"column":42}}],"line":35},"1":{"loc":{"start":{"line":38,"column":10},"end":{"line":38,"column":79}},"type":"cond-expr","locations":[{"start":{"line":38,"column":63},"end":{"line":38,"column":75}},{"start":{"line":38,"column":78},"end":{"line":38,"column":79}}],"line":38},"2":{"loc":{"start":{"line":38,"column":10},"end":{"line":38,"column":60}},"type":"binary-expr","locations":[{"start":{"line":38,"column":10},"end":{"line":38,"column":30}},{"start":{"line":38,"column":34},"end":{"line":38,"column":60}}],"line":38},"3":{"loc":{"start":{"line":39,"column":10},"end":{"line":39,"column":79}},"type":"cond-expr","locations":[{"start":{"line":39,"column":63},"end":{"line":39,"column":75}},{"start":{"line":39,"column":78},"end":{"line":39,"column":79}}],"line":39},"4":{"loc":{"start":{"line":39,"column":10},"end":{"line":39,"column":60}},"type":"binary-expr","locations":[{"start":{"line":39,"column":10},"end":{"line":39,"column":30}},{"start":{"line":39,"column":34},"end":{"line":39,"column":60}}],"line":39}},"s":{"0":1,"1":1,"2":1,"3":1,"4":1,"5":544,"6":68,"7":1,"8":1,"9":1,"10":1,"11":1,"12":1,"13":7,"14":7,"15":7,"16":7,"17":7,"18":1},"f":{"0":68,"1":544,"2":1,"3":7},"b":{"0":[1,1],"1":[7,0],"2":[7,7],"3":[7,0],"4":[7,7]},"_coverageSchema":"d34fc3e6b8297bcde183f5492bcb8fcb36775295","hash":"26a04b8991fb72a503607af325bba9c6839e28fe","contentHash":"e4fa9f866ad2c1117a54992c00fe6210_12.0.2"},"/Users/Spencer/Documents/git/divine-engine/src/core/logging/index.ts":{"path":"/Users/Spencer/Documents/git/divine-engine/src/core/logging/index.ts","statementMap":{"0":{"start":{"line":3,"column":0},"end":{"line":5,"column":3}},"1":{"start":{"line":7,"column":19},"end":{"line":7,"column":43}},"2":{"start":{"line":9,"column":0},"end":{"line":17,"column":3}},"3":{"start":{"line":10,"column":2},"end":{"line":10,"column":56}},"4":{"start":{"line":10,"column":49},"end":{"line":10,"column":56}},"5":{"start":{"line":11,"column":2},"end":{"line":16,"column":5}},"6":{"start":{"line":14,"column":6},"end":{"line":14,"column":31}}},"fnMap":{"0":{"name":"(anonymous_0)","decl":{"start":{"line":9,"column":34},"end":{"line":9,"column":35}},"loc":{"start":{"line":9,"column":49},"end":{"line":17,"column":1}},"line":9},"1":{"name":"get","decl":{"start":{"line":13,"column":18},"end":{"line":13,"column":21}},"loc":{"start":{"line":13,"column":24},"end":{"line":15,"column":5}},"line":13}},"branchMap":{"0":{"loc":{"start":{"line":10,"column":2},"end":{"line":10,"column":56}},"type":"if","locations":[{"start":{"line":10,"column":2},"end":{"line":10,"column":56}},{"start":{"line":10,"column":2},"end":{"line":10,"column":56}}],"line":10},"1":{"loc":{"start":{"line":10,"column":6},"end":{"line":10,"column":47}},"type":"binary-expr","locations":[{"start":{"line":10,"column":6},"end":{"line":10,"column":23}},{"start":{"line":10,"column":27},"end":{"line":10,"column":47}}],"line":10}},"s":{"0":1,"1":1,"2":1,"3":7,"4":0,"5":7,"6":94},"f":{"0":7,"1":94},"b":{"0":[0,7],"1":[7,7]},"_coverageSchema":"d34fc3e6b8297bcde183f5492bcb8fcb36775295","hash":"bda17fee71e4913c5ea0762025ff0d2b151baeb8","contentHash":"c7eaad5869dfad0e56fd044cc07316bd_12.0.2"},"/Users/Spencer/Documents/git/divine-engine/src/core/logging/errorsystem.ts":{"path":"/Users/Spencer/Documents/git/divine-engine/src/core/logging/errorsystem.ts","statementMap":{"0":{"start":{"line":3,"column":0},"end":{"line":5,"column":3}},"1":{"start":{"line":6,"column":0},"end":{"line":6,"column":18}},"2":{"start":{"line":7,"column":0},"end":{"line":7,"column":34}},"3":{"start":{"line":8,"column":0},"end":{"line":8,"column":28}},"4":{"start":{"line":9,"column":0},"end":{"line":9,"column":28}},"5":{"start":{"line":10,"column":0},"end":{"line":10,"column":32}},"6":{"start":{"line":11,"column":0},"end":{"line":11,"column":22}},"7":{"start":{"line":12,"column":0},"end":{"line":12,"column":27}},"8":{"start":{"line":25,"column":0},"end":{"line":25,"column":30}},"9":{"start":{"line":27,"column":0},"end":{"line":82,"column":54}},"10":{"start":{"line":28,"column":2},"end":{"line":28,"column":40}},"11":{"start":{"line":29,"column":2},"end":{"line":29,"column":60}},"12":{"start":{"line":30,"column":2},"end":{"line":30,"column":46}},"13":{"start":{"line":31,"column":2},"end":{"line":31,"column":70}},"14":{"start":{"line":32,"column":2},"end":{"line":32,"column":78}},"15":{"start":{"line":33,"column":2},"end":{"line":33,"column":84}},"16":{"start":{"line":34,"column":2},"end":{"line":34,"column":90}},"17":{"start":{"line":35,"column":2},"end":{"line":35,"column":74}},"18":{"start":{"line":36,"column":2},"end":{"line":36,"column":80}},"19":{"start":{"line":37,"column":2},"end":{"line":37,"column":74}},"20":{"start":{"line":38,"column":2},"end":{"line":38,"column":64}},"21":{"start":{"line":39,"column":2},"end":{"line":39,"column":70}},"22":{"start":{"line":40,"column":2},"end":{"line":40,"column":76}},"23":{"start":{"line":41,"column":2},"end":{"line":41,"column":92}},"24":{"start":{"line":42,"column":2},"end":{"line":42,"column":82}},"25":{"start":{"line":43,"column":2},"end":{"line":43,"column":72}},"26":{"start":{"line":44,"column":2},"end":{"line":44,"column":72}},"27":{"start":{"line":45,"column":2},"end":{"line":45,"column":84}},"28":{"start":{"line":46,"column":2},"end":{"line":46,"column":78}},"29":{"start":{"line":47,"column":2},"end":{"line":47,"column":72}},"30":{"start":{"line":48,"column":2},"end":{"line":48,"column":82}},"31":{"start":{"line":49,"column":2},"end":{"line":49,"column":86}},"32":{"start":{"line":50,"column":2},"end":{"line":50,"column":74}},"33":{"start":{"line":51,"column":2},"end":{"line":51,"column":66}},"34":{"start":{"line":52,"column":2},"end":{"line":52,"column":74}},"35":{"start":{"line":53,"column":2},"end":{"line":53,"column":80}},"36":{"start":{"line":54,"column":2},"end":{"line":54,"column":88}},"37":{"start":{"line":55,"column":2},"end":{"line":55,"column":78}},"38":{"start":{"line":56,"column":2},"end":{"line":56,"column":80}},"39":{"start":{"line":57,"column":2},"end":{"line":57,"column":80}},"40":{"start":{"line":58,"column":2},"end":{"line":58,"column":88}},"41":{"start":{"line":59,"column":2},"end":{"line":59,"column":76}},"42":{"start":{"line":60,"column":2},"end":{"line":60,"column":84}},"43":{"start":{"line":61,"column":2},"end":{"line":61,"column":80}},"44":{"start":{"line":62,"column":2},"end":{"line":62,"column":102}},"45":{"start":{"line":63,"column":2},"end":{"line":63,"column":66}},"46":{"start":{"line":64,"column":2},"end":{"line":64,"column":88}},"47":{"start":{"line":65,"column":2},"end":{"line":65,"column":68}},"48":{"start":{"line":66,"column":2},"end":{"line":66,"column":76}},"49":{"start":{"line":67,"column":2},"end":{"line":67,"column":86}},"50":{"start":{"line":68,"column":2},"end":{"line":68,"column":80}},"51":{"start":{"line":69,"column":2},"end":{"line":69,"column":68}},"52":{"start":{"line":70,"column":2},"end":{"line":70,"column":68}},"53":{"start":{"line":71,"column":2},"end":{"line":71,"column":74}},"54":{"start":{"line":72,"column":2},"end":{"line":72,"column":72}},"55":{"start":{"line":73,"column":2},"end":{"line":73,"column":90}},"56":{"start":{"line":74,"column":2},"end":{"line":74,"column":78}},"57":{"start":{"line":75,"column":2},"end":{"line":75,"column":74}},"58":{"start":{"line":76,"column":2},"end":{"line":76,"column":70}},"59":{"start":{"line":77,"column":2},"end":{"line":77,"column":72}},"60":{"start":{"line":78,"column":2},"end":{"line":78,"column":70}},"61":{"start":{"line":79,"column":2},"end":{"line":79,"column":62}},"62":{"start":{"line":80,"column":2},"end":{"line":80,"column":64}},"63":{"start":{"line":81,"column":2},"end":{"line":81,"column":76}},"64":{"start":{"line":85,"column":20},"end":{"line":85,"column":44}},"65":{"start":{"line":86,"column":2},"end":{"line":86,"column":56}},"66":{"start":{"line":98,"column":20},"end":{"line":98,"column":97}},"67":{"start":{"line":99,"column":2},"end":{"line":99,"column":70}},"68":{"start":{"line":100,"column":2},"end":{"line":100,"column":31}},"69":{"start":{"line":111,"column":25},"end":{"line":111,"column":50}},"70":{"start":{"line":112,"column":2},"end":{"line":112,"column":61}},"71":{"start":{"line":113,"column":2},"end":{"line":113,"column":26}},"72":{"start":{"line":125,"column":13},"end":{"line":125,"column":83}},"73":{"start":{"line":126,"column":20},"end":{"line":126,"column":92}},"74":{"start":{"line":127,"column":2},"end":{"line":127,"column":58}},"75":{"start":{"line":128,"column":2},"end":{"line":128,"column":21}},"76":{"start":{"line":139,"column":20},"end":{"line":139,"column":91}},"77":{"start":{"line":140,"column":2},"end":{"line":140,"column":56}},"78":{"start":{"line":141,"column":2},"end":{"line":141,"column":21}},"79":{"start":{"line":151,"column":2},"end":{"line":151,"column":19}}},"fnMap":{"0":{"name":"(anonymous_0)","decl":{"start":{"line":27,"column":1},"end":{"line":27,"column":2}},"loc":{"start":{"line":27,"column":22},"end":{"line":82,"column":1}},"line":27},"1":{"name":"Log","decl":{"start":{"line":84,"column":9},"end":{"line":84,"column":12}},"loc":{"start":{"line":84,"column":19},"end":{"line":87,"column":1}},"line":84},"2":{"name":"LogCritical","decl":{"start":{"line":97,"column":9},"end":{"line":97,"column":20}},"loc":{"start":{"line":97,"column":31},"end":{"line":101,"column":1}},"line":97},"3":{"name":"LogDebug","decl":{"start":{"line":110,"column":9},"end":{"line":110,"column":17}},"loc":{"start":{"line":110,"column":24},"end":{"line":114,"column":1}},"line":110},"4":{"name":"LogError","decl":{"start":{"line":124,"column":9},"end":{"line":124,"column":17}},"loc":{"start":{"line":124,"column":22},"end":{"line":129,"column":1}},"line":124},"5":{"name":"LogWarning","decl":{"start":{"line":138,"column":9},"end":{"line":138,"column":19}},"loc":{"start":{"line":138,"column":30},"end":{"line":142,"column":1}},"line":138},"6":{"name":"trace","decl":{"start":{"line":150,"column":9},"end":{"line":150,"column":14}},"loc":{"start":{"line":150,"column":18},"end":{"line":152,"column":1}},"line":150}},"branchMap":{"0":{"loc":{"start":{"line":82,"column":3},"end":{"line":82,"column":52}},"type":"binary-expr","locations":[{"start":{"line":82,"column":3},"end":{"line":82,"column":12}},{"start":{"line":82,"column":17},"end":{"line":82,"column":51}}],"line":82},"1":{"loc":{"start":{"line":125,"column":13},"end":{"line":125,"column":83}},"type":"cond-expr","locations":[{"start":{"line":125,"column":66},"end":{"line":125,"column":78}},{"start":{"line":125,"column":81},"end":{"line":125,"column":83}}],"line":125},"2":{"loc":{"start":{"line":125,"column":13},"end":{"line":125,"column":63}},"type":"binary-expr","locations":[{"start":{"line":125,"column":13},"end":{"line":125,"column":33}},{"start":{"line":125,"column":37},"end":{"line":125,"column":63}}],"line":125}},"s":{"0":1,"1":1,"2":1,"3":1,"4":1,"5":1,"6":1,"7":1,"8":1,"9":1,"10":1,"11":1,"12":1,"13":1,"14":1,"15":1,"16":1,"17":1,"18":1,"19":1,"20":1,"21":1,"22":1,"23":1,"24":1,"25":1,"26":1,"27":1,"28":1,"29":1,"30":1,"31":1,"32":1,"33":1,"34":1,"35":1,"36":1,"37":1,"38":1,"39":1,"40":1,"41":1,"42":1,"43":1,"44":1,"45":1,"46":1,"47":1,"48":1,"49":1,"50":1,"51":1,"52":1,"53":1,"54":1,"55":1,"56":1,"57":1,"58":1,"59":1,"60":1,"61":1,"62":1,"63":1,"64":35,"65":35,"66":0,"67":0,"68":0,"69":50,"70":50,"71":50,"72":1,"73":1,"74":1,"75":1,"76":6,"77":6,"78":6,"79":0},"f":{"0":1,"1":35,"2":0,"3":50,"4":1,"5":6,"6":0},"b":{"0":[1,1],"1":[1,0],"2":[1,1]},"_coverageSchema":"d34fc3e6b8297bcde183f5492bcb8fcb36775295","hash":"dc5e410b1350ad2ae64f0b8a7e1438c50b5f2069","contentHash":"2013830bb60a54d27c6578b8f20401a0_12.0.2"},"/Users/Spencer/Documents/git/divine-engine/src/core/entity.ts":{"path":"/Users/Spencer/Documents/git/divine-engine/src/core/entity.ts","statementMap":{"0":{"start":{"line":3,"column":29},"end":{"line":3,"column":84}},"1":{"start":{"line":5,"column":0},"end":{"line":7,"column":3}},"2":{"start":{"line":8,"column":0},"end":{"line":8,"column":44}},"3":{"start":{"line":10,"column":20},"end":{"line":10,"column":89}},"4":{"start":{"line":12,"column":34},"end":{"line":12,"column":117}},"5":{"start":{"line":14,"column":23},"end":{"line":14,"column":95}},"6":{"start":{"line":16,"column":17},"end":{"line":16,"column":83}},"7":{"start":{"line":18,"column":30},"end":{"line":18,"column":109}},"8":{"start":{"line":20,"column":23},"end":{"line":20,"column":95}},"9":{"start":{"line":22,"column":23},"end":{"line":22,"column":95}},"10":{"start":{"line":24,"column":15},"end":{"line":24,"column":35}},"11":{"start":{"line":26,"column":15},"end":{"line":26,"column":35}},"12":{"start":{"line":37,"column":0},"end":{"line":45,"column":1}},"13":{"start":{"line":38,"column":10},"end":{"line":38,"column":79}},"14":{"start":{"line":39,"column":10},"end":{"line":39,"column":79}},"15":{"start":{"line":40,"column":2},"end":{"line":40,"column":49}},"16":{"start":{"line":41,"column":2},"end":{"line":41,"column":13}},"17":{"start":{"line":42,"column":2},"end":{"line":42,"column":13}},"18":{"start":{"line":43,"column":2},"end":{"line":43,"column":13}},"19":{"start":{"line":44,"column":2},"end":{"line":44,"column":13}},"20":{"start":{"line":53,"column":0},"end":{"line":53,"column":30}},"21":{"start":{"line":57,"column":0},"end":{"line":319,"column":19}},"22":{"start":{"line":58,"column":2},"end":{"line":58,"column":44}},"23":{"start":{"line":75,"column":14},"end":{"line":75,"column":84}},"24":{"start":{"line":76,"column":20},"end":{"line":76,"column":103}},"25":{"start":{"line":77,"column":21},"end":{"line":77,"column":100}},"26":{"start":{"line":78,"column":19},"end":{"line":78,"column":98}},"27":{"start":{"line":79,"column":4},"end":{"line":79,"column":48}},"28":{"start":{"line":80,"column":4},"end":{"line":80,"column":114}},"29":{"start":{"line":81,"column":4},"end":{"line":81,"column":32}},"30":{"start":{"line":82,"column":4},"end":{"line":82,"column":34}},"31":{"start":{"line":83,"column":4},"end":{"line":83,"column":30}},"32":{"start":{"line":84,"column":4},"end":{"line":84,"column":136}},"33":{"start":{"line":85,"column":4},"end":{"line":85,"column":32}},"34":{"start":{"line":86,"column":4},"end":{"line":86,"column":34}},"35":{"start":{"line":87,"column":4},"end":{"line":87,"column":30}},"36":{"start":{"line":88,"column":4},"end":{"line":88,"column":17}},"37":{"start":{"line":96,"column":2},"end":{"line":317,"column":6}},"38":{"start":{"line":104,"column":6},"end":{"line":104,"column":28}},"39":{"start":{"line":114,"column":6},"end":{"line":114,"column":31}},"40":{"start":{"line":125,"column":6},"end":{"line":131,"column":7}},"41":{"start":{"line":126,"column":8},"end":{"line":126,"column":31}},"42":{"start":{"line":127,"column":8},"end":{"line":127,"column":35}},"43":{"start":{"line":129,"column":8},"end":{"line":130,"column":41}},"44":{"start":{"line":142,"column":19},"end":{"line":142,"column":23}},"45":{"start":{"line":144,"column":6},"end":{"line":146,"column":9}},"46":{"start":{"line":145,"column":8},"end":{"line":145,"column":32}},"47":{"start":{"line":168,"column":6},"end":{"line":172,"column":7}},"48":{"start":{"line":169,"column":8},"end":{"line":169,"column":40}},"49":{"start":{"line":171,"column":8},"end":{"line":171,"column":168}},"50":{"start":{"line":182,"column":38},"end":{"line":182,"column":42}},"51":{"start":{"line":183,"column":30},"end":{"line":183,"column":35}},"52":{"start":{"line":184,"column":27},"end":{"line":184,"column":36}},"53":{"start":{"line":186,"column":6},"end":{"line":204,"column":7}},"54":{"start":{"line":187,"column":8},"end":{"line":190,"column":9}},"55":{"start":{"line":188,"column":21},"end":{"line":188,"column":32}},"56":{"start":{"line":189,"column":10},"end":{"line":189,"column":34}},"57":{"start":{"line":192,"column":8},"end":{"line":192,"column":33}},"58":{"start":{"line":193,"column":8},"end":{"line":193,"column":29}},"59":{"start":{"line":195,"column":8},"end":{"line":203,"column":9}},"60":{"start":{"line":196,"column":10},"end":{"line":198,"column":11}},"61":{"start":{"line":197,"column":12},"end":{"line":197,"column":31}},"62":{"start":{"line":200,"column":10},"end":{"line":202,"column":11}},"63":{"start":{"line":201,"column":12},"end":{"line":201,"column":33}},"64":{"start":{"line":215,"column":19},"end":{"line":217,"column":8}},"65":{"start":{"line":216,"column":8},"end":{"line":216,"column":27}},"66":{"start":{"line":218,"column":6},"end":{"line":218,"column":62}},"67":{"start":{"line":218,"column":32},"end":{"line":218,"column":44}},"68":{"start":{"line":218,"column":49},"end":{"line":218,"column":62}},"69":{"start":{"line":229,"column":17},"end":{"line":231,"column":8}},"70":{"start":{"line":230,"column":8},"end":{"line":230,"column":33}},"71":{"start":{"line":232,"column":6},"end":{"line":232,"column":60}},"72":{"start":{"line":232,"column":30},"end":{"line":232,"column":42}},"73":{"start":{"line":232,"column":47},"end":{"line":232,"column":60}},"74":{"start":{"line":245,"column":19},"end":{"line":247,"column":8}},"75":{"start":{"line":246,"column":8},"end":{"line":246,"column":32}},"76":{"start":{"line":249,"column":6},"end":{"line":254,"column":7}},"77":{"start":{"line":250,"column":8},"end":{"line":250,"column":22}},"78":{"start":{"line":252,"column":8},"end":{"line":252,"column":94}},"79":{"start":{"line":253,"column":8},"end":{"line":253,"column":25}},"80":{"start":{"line":264,"column":6},"end":{"line":264,"column":27}},"81":{"start":{"line":275,"column":17},"end":{"line":277,"column":8}},"82":{"start":{"line":276,"column":8},"end":{"line":276,"column":33}},"83":{"start":{"line":279,"column":6},"end":{"line":284,"column":7}},"84":{"start":{"line":280,"column":8},"end":{"line":280,"column":20}},"85":{"start":{"line":282,"column":8},"end":{"line":282,"column":98}},"86":{"start":{"line":283,"column":8},"end":{"line":283,"column":25}},"87":{"start":{"line":294,"column":25},"end":{"line":294,"column":59}},"88":{"start":{"line":295,"column":6},"end":{"line":295,"column":38}},"89":{"start":{"line":296,"column":6},"end":{"line":296,"column":26}},"90":{"start":{"line":310,"column":6},"end":{"line":315,"column":7}},"91":{"start":{"line":311,"column":8},"end":{"line":311,"column":101}},"92":{"start":{"line":312,"column":8},"end":{"line":312,"column":25}},"93":{"start":{"line":314,"column":8},"end":{"line":314,"column":28}},"94":{"start":{"line":318,"column":2},"end":{"line":318,"column":16}},"95":{"start":{"line":321,"column":0},"end":{"line":321,"column":24}}},"fnMap":{"0":{"name":"Transform","decl":{"start":{"line":37,"column":9},"end":{"line":37,"column":18}},"loc":{"start":{"line":37,"column":21},"end":{"line":45,"column":1}},"line":37},"1":{"name":"(anonymous_1)","decl":{"start":{"line":57,"column":0},"end":{"line":57,"column":1}},"loc":{"start":{"line":57,"column":20},"end":{"line":319,"column":1}},"line":57},"2":{"name":"Entity","decl":{"start":{"line":72,"column":11},"end":{"line":72,"column":17}},"loc":{"start":{"line":72,"column":20},"end":{"line":89,"column":3}},"line":72},"3":{"name":"setParent","decl":{"start":{"line":103,"column":20},"end":{"line":103,"column":29}},"loc":{"start":{"line":103,"column":38},"end":{"line":105,"column":5}},"line":103},"4":{"name":"removeParent","decl":{"start":{"line":113,"column":20},"end":{"line":113,"column":32}},"loc":{"start":{"line":113,"column":35},"end":{"line":115,"column":5}},"line":113},"5":{"name":"addChild","decl":{"start":{"line":124,"column":20},"end":{"line":124,"column":28}},"loc":{"start":{"line":124,"column":37},"end":{"line":132,"column":5}},"line":124},"6":{"name":"addChildren","decl":{"start":{"line":141,"column":20},"end":{"line":141,"column":31}},"loc":{"start":{"line":141,"column":42},"end":{"line":147,"column":5}},"line":141},"7":{"name":"(anonymous_7)","decl":{"start":{"line":144,"column":23},"end":{"line":144,"column":24}},"loc":{"start":{"line":144,"column":41},"end":{"line":146,"column":7}},"line":144},"8":{"name":"addComponent","decl":{"start":{"line":158,"column":20},"end":{"line":158,"column":32}},"loc":{"start":{"line":158,"column":44},"end":{"line":173,"column":5}},"line":158},"9":{"name":"addComponents","decl":{"start":{"line":181,"column":20},"end":{"line":181,"column":33}},"loc":{"start":{"line":181,"column":46},"end":{"line":205,"column":5}},"line":181},"10":{"name":"hasChild","decl":{"start":{"line":214,"column":20},"end":{"line":214,"column":28}},"loc":{"start":{"line":214,"column":33},"end":{"line":219,"column":5}},"line":214},"11":{"name":"(anonymous_11)","decl":{"start":{"line":215,"column":38},"end":{"line":215,"column":39}},"loc":{"start":{"line":215,"column":51},"end":{"line":217,"column":7}},"line":215},"12":{"name":"hasComponent","decl":{"start":{"line":228,"column":20},"end":{"line":228,"column":32}},"loc":{"start":{"line":228,"column":39},"end":{"line":233,"column":5}},"line":228},"13":{"name":"(anonymous_13)","decl":{"start":{"line":229,"column":38},"end":{"line":229,"column":39}},"loc":{"start":{"line":229,"column":54},"end":{"line":231,"column":7}},"line":229},"14":{"name":"getChild","decl":{"start":{"line":244,"column":20},"end":{"line":244,"column":28}},"loc":{"start":{"line":244,"column":33},"end":{"line":255,"column":5}},"line":244},"15":{"name":"(anonymous_15)","decl":{"start":{"line":245,"column":38},"end":{"line":245,"column":39}},"loc":{"start":{"line":245,"column":56},"end":{"line":247,"column":7}},"line":245},"16":{"name":"getChildren","decl":{"start":{"line":263,"column":20},"end":{"line":263,"column":31}},"loc":{"start":{"line":263,"column":34},"end":{"line":265,"column":5}},"line":263},"17":{"name":"getComponent","decl":{"start":{"line":274,"column":20},"end":{"line":274,"column":32}},"loc":{"start":{"line":274,"column":39},"end":{"line":285,"column":5}},"line":274},"18":{"name":"(anonymous_18)","decl":{"start":{"line":275,"column":38},"end":{"line":275,"column":39}},"loc":{"start":{"line":275,"column":54},"end":{"line":277,"column":7}},"line":275},"19":{"name":"toString","decl":{"start":{"line":293,"column":20},"end":{"line":293,"column":28}},"loc":{"start":{"line":293,"column":31},"end":{"line":297,"column":5}},"line":293},"20":{"name":"update","decl":{"start":{"line":306,"column":20},"end":{"line":306,"column":26}},"loc":{"start":{"line":306,"column":34},"end":{"line":306,"column":36}},"line":306},"21":{"name":"get","decl":{"start":{"line":309,"column":18},"end":{"line":309,"column":21}},"loc":{"start":{"line":309,"column":24},"end":{"line":316,"column":5}},"line":309}},"branchMap":{"0":{"loc":{"start":{"line":38,"column":10},"end":{"line":38,"column":79}},"type":"cond-expr","locations":[{"start":{"line":38,"column":63},"end":{"line":38,"column":75}},{"start":{"line":38,"column":78},"end":{"line":38,"column":79}}],"line":38},"1":{"loc":{"start":{"line":38,"column":10},"end":{"line":38,"column":60}},"type":"binary-expr","locations":[{"start":{"line":38,"column":10},"end":{"line":38,"column":30}},{"start":{"line":38,"column":34},"end":{"line":38,"column":60}}],"line":38},"2":{"loc":{"start":{"line":39,"column":10},"end":{"line":39,"column":79}},"type":"cond-expr","locations":[{"start":{"line":39,"column":63},"end":{"line":39,"column":75}},{"start":{"line":39,"column":78},"end":{"line":39,"column":79}}],"line":39},"3":{"loc":{"start":{"line":39,"column":10},"end":{"line":39,"column":60}},"type":"binary-expr","locations":[{"start":{"line":39,"column":10},"end":{"line":39,"column":30}},{"start":{"line":39,"column":34},"end":{"line":39,"column":60}}],"line":39},"4":{"loc":{"start":{"line":75,"column":14},"end":{"line":75,"column":84}},"type":"cond-expr","locations":[{"start":{"line":75,"column":67},"end":{"line":75,"column":79}},{"start":{"line":75,"column":82},"end":{"line":75,"column":84}}],"line":75},"5":{"loc":{"start":{"line":75,"column":14},"end":{"line":75,"column":64}},"type":"binary-expr","locations":[{"start":{"line":75,"column":14},"end":{"line":75,"column":34}},{"start":{"line":75,"column":38},"end":{"line":75,"column":64}}],"line":75},"6":{"loc":{"start":{"line":76,"column":20},"end":{"line":76,"column":103}},"type":"cond-expr","locations":[{"start":{"line":76,"column":73},"end":{"line":76,"column":85}},{"start":{"line":76,"column":88},"end":{"line":76,"column":103}}],"line":76},"7":{"loc":{"start":{"line":76,"column":20},"end":{"line":76,"column":70}},"type":"binary-expr","locations":[{"start":{"line":76,"column":20},"end":{"line":76,"column":40}},{"start":{"line":76,"column":44},"end":{"line":76,"column":70}}],"line":76},"8":{"loc":{"start":{"line":77,"column":21},"end":{"line":77,"column":100}},"type":"cond-expr","locations":[{"start":{"line":77,"column":74},"end":{"line":77,"column":86}},{"start":{"line":77,"column":89},"end":{"line":77,"column":100}}],"line":77},"9":{"loc":{"start":{"line":77,"column":21},"end":{"line":77,"column":71}},"type":"binary-expr","locations":[{"start":{"line":77,"column":21},"end":{"line":77,"column":41}},{"start":{"line":77,"column":45},"end":{"line":77,"column":71}}],"line":77},"10":{"loc":{"start":{"line":78,"column":19},"end":{"line":78,"column":98}},"type":"cond-expr","locations":[{"start":{"line":78,"column":72},"end":{"line":78,"column":84}},{"start":{"line":78,"column":87},"end":{"line":78,"column":98}}],"line":78},"11":{"loc":{"start":{"line":78,"column":19},"end":{"line":78,"column":69}},"type":"binary-expr","locations":[{"start":{"line":78,"column":19},"end":{"line":78,"column":39}},{"start":{"line":78,"column":43},"end":{"line":78,"column":69}}],"line":78},"12":{"loc":{"start":{"line":125,"column":6},"end":{"line":131,"column":7}},"type":"if","locations":[{"start":{"line":125,"column":6},"end":{"line":131,"column":7}},{"start":{"line":125,"column":6},"end":{"line":131,"column":7}}],"line":125},"13":{"loc":{"start":{"line":168,"column":6},"end":{"line":172,"column":7}},"type":"if","locations":[{"start":{"line":168,"column":6},"end":{"line":172,"column":7}},{"start":{"line":168,"column":6},"end":{"line":172,"column":7}}],"line":168},"14":{"loc":{"start":{"line":196,"column":10},"end":{"line":198,"column":11}},"type":"if","locations":[{"start":{"line":196,"column":10},"end":{"line":198,"column":11}},{"start":{"line":196,"column":10},"end":{"line":198,"column":11}}],"line":196},"15":{"loc":{"start":{"line":196,"column":14},"end":{"line":196,"column":68}},"type":"binary-expr","locations":[{"start":{"line":196,"column":14},"end":{"line":196,"column":40}},{"start":{"line":196,"column":44},"end":{"line":196,"column":68}}],"line":196},"16":{"loc":{"start":{"line":200,"column":10},"end":{"line":202,"column":11}},"type":"if","locations":[{"start":{"line":200,"column":10},"end":{"line":202,"column":11}},{"start":{"line":200,"column":10},"end":{"line":202,"column":11}}],"line":200},"17":{"loc":{"start":{"line":218,"column":6},"end":{"line":218,"column":62}},"type":"if","locations":[{"start":{"line":218,"column":6},"end":{"line":218,"column":62}},{"start":{"line":218,"column":6},"end":{"line":218,"column":62}}],"line":218},"18":{"loc":{"start":{"line":232,"column":6},"end":{"line":232,"column":60}},"type":"if","locations":[{"start":{"line":232,"column":6},"end":{"line":232,"column":60}},{"start":{"line":232,"column":6},"end":{"line":232,"column":60}}],"line":232},"19":{"loc":{"start":{"line":249,"column":6},"end":{"line":254,"column":7}},"type":"if","locations":[{"start":{"line":249,"column":6},"end":{"line":254,"column":7}},{"start":{"line":249,"column":6},"end":{"line":254,"column":7}}],"line":249},"20":{"loc":{"start":{"line":279,"column":6},"end":{"line":284,"column":7}},"type":"if","locations":[{"start":{"line":279,"column":6},"end":{"line":284,"column":7}},{"start":{"line":279,"column":6},"end":{"line":284,"column":7}}],"line":279},"21":{"loc":{"start":{"line":310,"column":6},"end":{"line":315,"column":7}},"type":"if","locations":[{"start":{"line":310,"column":6},"end":{"line":315,"column":7}},{"start":{"line":310,"column":6},"end":{"line":315,"column":7}}],"line":310}},"s":{"0":1,"1":1,"2":1,"3":1,"4":1,"5":1,"6":1,"7":1,"8":1,"9":1,"10":1,"11":1,"12":1,"13":2,"14":2,"15":2,"16":2,"17":2,"18":2,"19":2,"20":1,"21":1,"22":1,"23":0,"24":0,"25":0,"26":0,"27":0,"28":0,"29":0,"30":0,"31":0,"32":0,"33":0,"34":0,"35":0,"36":0,"37":1,"38":0,"39":0,"40":0,"41":0,"42":0,"43":0,"44":0,"45":0,"46":0,"47":0,"48":0,"49":0,"50":0,"51":0,"52":0,"53":0,"54":0,"55":0,"56":0,"57":0,"58":0,"59":0,"60":0,"61":0,"62":0,"63":0,"64":0,"65":0,"66":0,"67":0,"68":0,"69":0,"70":0,"71":0,"72":0,"73":0,"74":0,"75":0,"76":0,"77":0,"78":0,"79":0,"80":0,"81":0,"82":0,"83":0,"84":0,"85":0,"86":0,"87":0,"88":0,"89":0,"90":0,"91":0,"92":0,"93":0,"94":1,"95":1},"f":{"0":2,"1":1,"2":0,"3":0,"4":0,"5":0,"6":0,"7":0,"8":0,"9":0,"10":0,"11":0,"12":0,"13":0,"14":0,"15":0,"16":0,"17":0,"18":0,"19":0,"20":0,"21":0},"b":{"0":[2,0],"1":[2,2],"2":[2,0],"3":[2,2],"4":[0,0],"5":[0,0],"6":[0,0],"7":[0,0],"8":[0,0],"9":[0,0],"10":[0,0],"11":[0,0],"12":[0,0],"13":[0,0],"14":[0,0],"15":[0,0],"16":[0,0],"17":[0,0],"18":[0,0],"19":[0,0],"20":[0,0],"21":[0,0]},"_coverageSchema":"d34fc3e6b8297bcde183f5492bcb8fcb36775295","hash":"673f7dd38c976d6420fb389eaf2d5ecd7cafa73d","contentHash":"66e29cf22901d268328bc875d5f3c4e8_12.0.2"},"/Users/Spencer/Documents/git/divine-engine/src/components/rendercomponent.ts":{"path":"/Users/Spencer/Documents/git/divine-engine/src/components/rendercomponent.ts","statementMap":{"0":{"start":{"line":3,"column":29},"end":{"line":3,"column":84}},"1":{"start":{"line":5,"column":0},"end":{"line":7,"column":3}},"2":{"start":{"line":8,"column":0},"end":{"line":8,"column":33}},"3":{"start":{"line":10,"column":23},"end":{"line":10,"column":95}},"4":{"start":{"line":12,"column":34},"end":{"line":12,"column":117}},"5":{"start":{"line":14,"column":23},"end":{"line":14,"column":95}},"6":{"start":{"line":16,"column":17},"end":{"line":16,"column":83}},"7":{"start":{"line":18,"column":17},"end":{"line":18,"column":45}},"8":{"start":{"line":22,"column":0},"end":{"line":31,"column":23}},"9":{"start":{"line":23,"column":2},"end":{"line":23,"column":55}},"10":{"start":{"line":26,"column":4},"end":{"line":26,"column":57}},"11":{"start":{"line":27,"column":4},"end":{"line":27,"column":122}},"12":{"start":{"line":30,"column":2},"end":{"line":30,"column":25}},"13":{"start":{"line":33,"column":0},"end":{"line":33,"column":42}}},"fnMap":{"0":{"name":"(anonymous_0)","decl":{"start":{"line":22,"column":0},"end":{"line":22,"column":1}},"loc":{"start":{"line":22,"column":22},"end":{"line":31,"column":1}},"line":22},"1":{"name":"RenderComponent","decl":{"start":{"line":25,"column":11},"end":{"line":25,"column":26}},"loc":{"start":{"line":25,"column":32},"end":{"line":28,"column":3}},"line":25}},"branchMap":{},"s":{"0":1,"1":1,"2":1,"3":1,"4":1,"5":1,"6":1,"7":1,"8":1,"9":1,"10":1,"11":1,"12":1,"13":1},"f":{"0":1,"1":1},"b":{},"_coverageSchema":"d34fc3e6b8297bcde183f5492bcb8fcb36775295","hash":"c8ca939fdf0b51f2abebb5f0f6d88d6862c8004b","contentHash":"2a7d8d3f61babc872703ee0fc8bd3d29_12.0.2"},"/Users/Spencer/Documents/git/divine-engine/src/components/soundcomponent.ts":{"path":"/Users/Spencer/Documents/git/divine-engine/src/components/soundcomponent.ts","statementMap":{"0":{"start":{"line":3,"column":29},"end":{"line":3,"column":84}},"1":{"start":{"line":5,"column":0},"end":{"line":7,"column":3}},"2":{"start":{"line":8,"column":0},"end":{"line":8,"column":32}},"3":{"start":{"line":10,"column":23},"end":{"line":10,"column":95}},"4":{"start":{"line":12,"column":34},"end":{"line":12,"column":117}},"5":{"start":{"line":14,"column":23},"end":{"line":14,"column":95}},"6":{"start":{"line":16,"column":17},"end":{"line":16,"column":83}},"7":{"start":{"line":18,"column":17},"end":{"line":18,"column":45}},"8":{"start":{"line":22,"column":0},"end":{"line":32,"column":23}},"9":{"start":{"line":23,"column":2},"end":{"line":23,"column":54}},"10":{"start":{"line":26,"column":14},"end":{"line":26,"column":84}},"11":{"start":{"line":27,"column":4},"end":{"line":27,"column":56}},"12":{"start":{"line":28,"column":4},"end":{"line":28,"column":121}},"13":{"start":{"line":31,"column":2},"end":{"line":31,"column":24}},"14":{"start":{"line":34,"column":0},"end":{"line":34,"column":40}}},"fnMap":{"0":{"name":"(anonymous_0)","decl":{"start":{"line":22,"column":0},"end":{"line":22,"column":1}},"loc":{"start":{"line":22,"column":22},"end":{"line":32,"column":1}},"line":22},"1":{"name":"SoundComponent","decl":{"start":{"line":25,"column":11},"end":{"line":25,"column":25}},"loc":{"start":{"line":25,"column":28},"end":{"line":29,"column":3}},"line":25}},"branchMap":{"0":{"loc":{"start":{"line":26,"column":14},"end":{"line":26,"column":84}},"type":"cond-expr","locations":[{"start":{"line":26,"column":67},"end":{"line":26,"column":79}},{"start":{"line":26,"column":82},"end":{"line":26,"column":84}}],"line":26},"1":{"loc":{"start":{"line":26,"column":14},"end":{"line":26,"column":64}},"type":"binary-expr","locations":[{"start":{"line":26,"column":14},"end":{"line":26,"column":34}},{"start":{"line":26,"column":38},"end":{"line":26,"column":64}}],"line":26}},"s":{"0":1,"1":1,"2":1,"3":1,"4":1,"5":1,"6":1,"7":1,"8":1,"9":1,"10":0,"11":0,"12":0,"13":1,"14":1},"f":{"0":1,"1":0},"b":{"0":[0,0],"1":[0,0]},"_coverageSchema":"d34fc3e6b8297bcde183f5492bcb8fcb36775295","hash":"1c76ad145c76a8a69a4cfc1c052ab5e229a57c9b","contentHash":"c50ff3cc33f9f5d657fa31a832d38ba4_12.0.2"},"/Users/Spencer/Documents/git/divine-engine/src/core/index.ts":{"path":"/Users/Spencer/Documents/git/divine-engine/src/core/index.ts","statementMap":{"0":{"start":{"line":3,"column":0},"end":{"line":5,"column":3}},"1":{"start":{"line":6,"column":19},"end":{"line":11,"column":1}},"2":{"start":{"line":12,"column":0},"end":{"line":17,"column":3}},"3":{"start":{"line":15,"column":4},"end":{"line":15,"column":26}},"4":{"start":{"line":18,"column":0},"end":{"line":23,"column":3}},"5":{"start":{"line":21,"column":4},"end":{"line":21,"column":35}},"6":{"start":{"line":24,"column":0},"end":{"line":29,"column":3}},"7":{"start":{"line":27,"column":4},"end":{"line":27,"column":26}},"8":{"start":{"line":30,"column":0},"end":{"line":35,"column":3}},"9":{"start":{"line":33,"column":4},"end":{"line":33,"column":29}},"10":{"start":{"line":37,"column":13},"end":{"line":37,"column":32}},"11":{"start":{"line":39,"column":0},"end":{"line":48,"column":3}},"12":{"start":{"line":40,"column":2},"end":{"line":40,"column":56}},"13":{"start":{"line":40,"column":49},"end":{"line":40,"column":56}},"14":{"start":{"line":41,"column":2},"end":{"line":41,"column":70}},"15":{"start":{"line":41,"column":63},"end":{"line":41,"column":70}},"16":{"start":{"line":42,"column":2},"end":{"line":47,"column":5}},"17":{"start":{"line":45,"column":6},"end":{"line":45,"column":25}},"18":{"start":{"line":50,"column":14},"end":{"line":50,"column":33}},"19":{"start":{"line":52,"column":0},"end":{"line":61,"column":3}},"20":{"start":{"line":53,"column":2},"end":{"line":53,"column":56}},"21":{"start":{"line":53,"column":49},"end":{"line":53,"column":56}},"22":{"start":{"line":54,"column":2},"end":{"line":54,"column":70}},"23":{"start":{"line":54,"column":63},"end":{"line":54,"column":70}},"24":{"start":{"line":55,"column":2},"end":{"line":60,"column":5}},"25":{"start":{"line":58,"column":6},"end":{"line":58,"column":26}},"26":{"start":{"line":63,"column":15},"end":{"line":63,"column":35}},"27":{"start":{"line":65,"column":0},"end":{"line":74,"column":3}},"28":{"start":{"line":66,"column":2},"end":{"line":66,"column":56}},"29":{"start":{"line":66,"column":49},"end":{"line":66,"column":56}},"30":{"start":{"line":67,"column":2},"end":{"line":67,"column":70}},"31":{"start":{"line":67,"column":63},"end":{"line":67,"column":70}},"32":{"start":{"line":68,"column":2},"end":{"line":73,"column":5}},"33":{"start":{"line":71,"column":6},"end":{"line":71,"column":27}},"34":{"start":{"line":76,"column":14},"end":{"line":76,"column":33}},"35":{"start":{"line":78,"column":14},"end":{"line":78,"column":33}},"36":{"start":{"line":80,"column":18},"end":{"line":80,"column":41}},"37":{"start":{"line":82,"column":0},"end":{"line":91,"column":3}},"38":{"start":{"line":83,"column":2},"end":{"line":83,"column":56}},"39":{"start":{"line":83,"column":49},"end":{"line":83,"column":56}},"40":{"start":{"line":84,"column":2},"end":{"line":84,"column":70}},"41":{"start":{"line":84,"column":63},"end":{"line":84,"column":70}},"42":{"start":{"line":85,"column":2},"end":{"line":90,"column":5}},"43":{"start":{"line":88,"column":6},"end":{"line":88,"column":30}},"44":{"start":{"line":93,"column":14},"end":{"line":93,"column":33}},"45":{"start":{"line":95,"column":0},"end":{"line":104,"column":3}},"46":{"start":{"line":96,"column":2},"end":{"line":96,"column":56}},"47":{"start":{"line":96,"column":49},"end":{"line":96,"column":56}},"48":{"start":{"line":97,"column":2},"end":{"line":97,"column":70}},"49":{"start":{"line":97,"column":63},"end":{"line":97,"column":70}},"50":{"start":{"line":98,"column":2},"end":{"line":103,"column":5}},"51":{"start":{"line":101,"column":6},"end":{"line":101,"column":26}},"52":{"start":{"line":106,"column":15},"end":{"line":106,"column":35}},"53":{"start":{"line":108,"column":0},"end":{"line":117,"column":3}},"54":{"start":{"line":109,"column":2},"end":{"line":109,"column":56}},"55":{"start":{"line":109,"column":49},"end":{"line":109,"column":56}},"56":{"start":{"line":110,"column":2},"end":{"line":110,"column":70}},"57":{"start":{"line":110,"column":63},"end":{"line":110,"column":70}},"58":{"start":{"line":111,"column":2},"end":{"line":116,"column":5}},"59":{"start":{"line":114,"column":6},"end":{"line":114,"column":27}},"60":{"start":{"line":119,"column":21},"end":{"line":119,"column":47}},"61":{"start":{"line":121,"column":0},"end":{"line":130,"column":3}},"62":{"start":{"line":122,"column":2},"end":{"line":122,"column":56}},"63":{"start":{"line":122,"column":49},"end":{"line":122,"column":56}},"64":{"start":{"line":123,"column":2},"end":{"line":123,"column":70}},"65":{"start":{"line":123,"column":63},"end":{"line":123,"column":70}},"66":{"start":{"line":124,"column":2},"end":{"line":129,"column":5}},"67":{"start":{"line":127,"column":6},"end":{"line":127,"column":33}},"68":{"start":{"line":132,"column":14},"end":{"line":132,"column":32}},"69":{"start":{"line":134,"column":0},"end":{"line":143,"column":3}},"70":{"start":{"line":135,"column":2},"end":{"line":135,"column":56}},"71":{"start":{"line":135,"column":49},"end":{"line":135,"column":56}},"72":{"start":{"line":136,"column":2},"end":{"line":136,"column":70}},"73":{"start":{"line":136,"column":63},"end":{"line":136,"column":70}},"74":{"start":{"line":137,"column":2},"end":{"line":142,"column":5}},"75":{"start":{"line":140,"column":6},"end":{"line":140,"column":26}},"76":{"start":{"line":145,"column":14},"end":{"line":145,"column":33}},"77":{"start":{"line":147,"column":0},"end":{"line":156,"column":3}},"78":{"start":{"line":148,"column":2},"end":{"line":148,"column":56}},"79":{"start":{"line":148,"column":49},"end":{"line":148,"column":56}},"80":{"start":{"line":149,"column":2},"end":{"line":149,"column":70}},"81":{"start":{"line":149,"column":63},"end":{"line":149,"column":70}},"82":{"start":{"line":150,"column":2},"end":{"line":155,"column":5}},"83":{"start":{"line":153,"column":6},"end":{"line":153,"column":26}}},"fnMap":{"0":{"name":"get","decl":{"start":{"line":14,"column":16},"end":{"line":14,"column":19}},"loc":{"start":{"line":14,"column":22},"end":{"line":16,"column":3}},"line":14},"1":{"name":"get","decl":{"start":{"line":20,"column":16},"end":{"line":20,"column":19}},"loc":{"start":{"line":20,"column":22},"end":{"line":22,"column":3}},"line":20},"2":{"name":"get","decl":{"start":{"line":26,"column":16},"end":{"line":26,"column":19}},"loc":{"start":{"line":26,"column":22},"end":{"line":28,"column":3}},"line":26},"3":{"name":"get","decl":{"start":{"line":32,"column":16},"end":{"line":32,"column":19}},"loc":{"start":{"line":32,"column":22},"end":{"line":34,"column":3}},"line":32},"4":{"name":"(anonymous_4)","decl":{"start":{"line":39,"column":28},"end":{"line":39,"column":29}},"loc":{"start":{"line":39,"column":43},"end":{"line":48,"column":1}},"line":39},"5":{"name":"get","decl":{"start":{"line":44,"column":18},"end":{"line":44,"column":21}},"loc":{"start":{"line":44,"column":24},"end":{"line":46,"column":5}},"line":44},"6":{"name":"(anonymous_6)","decl":{"start":{"line":52,"column":29},"end":{"line":52,"column":30}},"loc":{"start":{"line":52,"column":44},"end":{"line":61,"column":1}},"line":52},"7":{"name":"get","decl":{"start":{"line":57,"column":18},"end":{"line":57,"column":21}},"loc":{"start":{"line":57,"column":24},"end":{"line":59,"column":5}},"line":57},"8":{"name":"(anonymous_8)","decl":{"start":{"line":65,"column":30},"end":{"line":65,"column":31}},"loc":{"start":{"line":65,"column":45},"end":{"line":74,"column":1}},"line":65},"9":{"name":"get","decl":{"start":{"line":70,"column":18},"end":{"line":70,"column":21}},"loc":{"start":{"line":70,"column":24},"end":{"line":72,"column":5}},"line":70},"10":{"name":"(anonymous_10)","decl":{"start":{"line":82,"column":33},"end":{"line":82,"column":34}},"loc":{"start":{"line":82,"column":48},"end":{"line":91,"column":1}},"line":82},"11":{"name":"get","decl":{"start":{"line":87,"column":18},"end":{"line":87,"column":21}},"loc":{"start":{"line":87,"column":24},"end":{"line":89,"column":5}},"line":87},"12":{"name":"(anonymous_12)","decl":{"start":{"line":95,"column":29},"end":{"line":95,"column":30}},"loc":{"start":{"line":95,"column":44},"end":{"line":104,"column":1}},"line":95},"13":{"name":"get","decl":{"start":{"line":100,"column":18},"end":{"line":100,"column":21}},"loc":{"start":{"line":100,"column":24},"end":{"line":102,"column":5}},"line":100},"14":{"name":"(anonymous_14)","decl":{"start":{"line":108,"column":30},"end":{"line":108,"column":31}},"loc":{"start":{"line":108,"column":45},"end":{"line":117,"column":1}},"line":108},"15":{"name":"get","decl":{"start":{"line":113,"column":18},"end":{"line":113,"column":21}},"loc":{"start":{"line":113,"column":24},"end":{"line":115,"column":5}},"line":113},"16":{"name":"(anonymous_16)","decl":{"start":{"line":121,"column":36},"end":{"line":121,"column":37}},"loc":{"start":{"line":121,"column":51},"end":{"line":130,"column":1}},"line":121},"17":{"name":"get","decl":{"start":{"line":126,"column":18},"end":{"line":126,"column":21}},"loc":{"start":{"line":126,"column":24},"end":{"line":128,"column":5}},"line":126},"18":{"name":"(anonymous_18)","decl":{"start":{"line":134,"column":29},"end":{"line":134,"column":30}},"loc":{"start":{"line":134,"column":44},"end":{"line":143,"column":1}},"line":134},"19":{"name":"get","decl":{"start":{"line":139,"column":18},"end":{"line":139,"column":21}},"loc":{"start":{"line":139,"column":24},"end":{"line":141,"column":5}},"line":139},"20":{"name":"(anonymous_20)","decl":{"start":{"line":147,"column":29},"end":{"line":147,"column":30}},"loc":{"start":{"line":147,"column":44},"end":{"line":156,"column":1}},"line":147},"21":{"name":"get","decl":{"start":{"line":152,"column":18},"end":{"line":152,"column":21}},"loc":{"start":{"line":152,"column":24},"end":{"line":154,"column":5}},"line":152}},"branchMap":{"0":{"loc":{"start":{"line":40,"column":2},"end":{"line":40,"column":56}},"type":"if","locations":[{"start":{"line":40,"column":2},"end":{"line":40,"column":56}},{"start":{"line":40,"column":2},"end":{"line":40,"column":56}}],"line":40},"1":{"loc":{"start":{"line":40,"column":6},"end":{"line":40,"column":47}},"type":"binary-expr","locations":[{"start":{"line":40,"column":6},"end":{"line":40,"column":23}},{"start":{"line":40,"column":27},"end":{"line":40,"column":47}}],"line":40},"2":{"loc":{"start":{"line":41,"column":2},"end":{"line":41,"column":70}},"type":"if","locations":[{"start":{"line":41,"column":2},"end":{"line":41,"column":70}},{"start":{"line":41,"column":2},"end":{"line":41,"column":70}}],"line":41},"3":{"loc":{"start":{"line":53,"column":2},"end":{"line":53,"column":56}},"type":"if","locations":[{"start":{"line":53,"column":2},"end":{"line":53,"column":56}},{"start":{"line":53,"column":2},"end":{"line":53,"column":56}}],"line":53},"4":{"loc":{"start":{"line":53,"column":6},"end":{"line":53,"column":47}},"type":"binary-expr","locations":[{"start":{"line":53,"column":6},"end":{"line":53,"column":23}},{"start":{"line":53,"column":27},"end":{"line":53,"column":47}}],"line":53},"5":{"loc":{"start":{"line":54,"column":2},"end":{"line":54,"column":70}},"type":"if","locations":[{"start":{"line":54,"column":2},"end":{"line":54,"column":70}},{"start":{"line":54,"column":2},"end":{"line":54,"column":70}}],"line":54},"6":{"loc":{"start":{"line":66,"column":2},"end":{"line":66,"column":56}},"type":"if","locations":[{"start":{"line":66,"column":2},"end":{"line":66,"column":56}},{"start":{"line":66,"column":2},"end":{"line":66,"column":56}}],"line":66},"7":{"loc":{"start":{"line":66,"column":6},"end":{"line":66,"column":47}},"type":"binary-expr","locations":[{"start":{"line":66,"column":6},"end":{"line":66,"column":23}},{"start":{"line":66,"column":27},"end":{"line":66,"column":47}}],"line":66},"8":{"loc":{"start":{"line":67,"column":2},"end":{"line":67,"column":70}},"type":"if","locations":[{"start":{"line":67,"column":2},"end":{"line":67,"column":70}},{"start":{"line":67,"column":2},"end":{"line":67,"column":70}}],"line":67},"9":{"loc":{"start":{"line":83,"column":2},"end":{"line":83,"column":56}},"type":"if","locations":[{"start":{"line":83,"column":2},"end":{"line":83,"column":56}},{"start":{"line":83,"column":2},"end":{"line":83,"column":56}}],"line":83},"10":{"loc":{"start":{"line":83,"column":6},"end":{"line":83,"column":47}},"type":"binary-expr","locations":[{"start":{"line":83,"column":6},"end":{"line":83,"column":23}},{"start":{"line":83,"column":27},"end":{"line":83,"column":47}}],"line":83},"11":{"loc":{"start":{"line":84,"column":2},"end":{"line":84,"column":70}},"type":"if","locations":[{"start":{"line":84,"column":2},"end":{"line":84,"column":70}},{"start":{"line":84,"column":2},"end":{"line":84,"column":70}}],"line":84},"12":{"loc":{"start":{"line":96,"column":2},"end":{"line":96,"column":56}},"type":"if","locations":[{"start":{"line":96,"column":2},"end":{"line":96,"column":56}},{"start":{"line":96,"column":2},"end":{"line":96,"column":56}}],"line":96},"13":{"loc":{"start":{"line":96,"column":6},"end":{"line":96,"column":47}},"type":"binary-expr","locations":[{"start":{"line":96,"column":6},"end":{"line":96,"column":23}},{"start":{"line":96,"column":27},"end":{"line":96,"column":47}}],"line":96},"14":{"loc":{"start":{"line":97,"column":2},"end":{"line":97,"column":70}},"type":"if","locations":[{"start":{"line":97,"column":2},"end":{"line":97,"column":70}},{"start":{"line":97,"column":2},"end":{"line":97,"column":70}}],"line":97},"15":{"loc":{"start":{"line":109,"column":2},"end":{"line":109,"column":56}},"type":"if","locations":[{"start":{"line":109,"column":2},"end":{"line":109,"column":56}},{"start":{"line":109,"column":2},"end":{"line":109,"column":56}}],"line":109},"16":{"loc":{"start":{"line":109,"column":6},"end":{"line":109,"column":47}},"type":"binary-expr","locations":[{"start":{"line":109,"column":6},"end":{"line":109,"column":23}},{"start":{"line":109,"column":27},"end":{"line":109,"column":47}}],"line":109},"17":{"loc":{"start":{"line":110,"column":2},"end":{"line":110,"column":70}},"type":"if","locations":[{"start":{"line":110,"column":2},"end":{"line":110,"column":70}},{"start":{"line":110,"column":2},"end":{"line":110,"column":70}}],"line":110},"18":{"loc":{"start":{"line":122,"column":2},"end":{"line":122,"column":56}},"type":"if","locations":[{"start":{"line":122,"column":2},"end":{"line":122,"column":56}},{"start":{"line":122,"column":2},"end":{"line":122,"column":56}}],"line":122},"19":{"loc":{"start":{"line":122,"column":6},"end":{"line":122,"column":47}},"type":"binary-expr","locations":[{"start":{"line":122,"column":6},"end":{"line":122,"column":23}},{"start":{"line":122,"column":27},"end":{"line":122,"column":47}}],"line":122},"20":{"loc":{"start":{"line":123,"column":2},"end":{"line":123,"column":70}},"type":"if","locations":[{"start":{"line":123,"column":2},"end":{"line":123,"column":70}},{"start":{"line":123,"column":2},"end":{"line":123,"column":70}}],"line":123},"21":{"loc":{"start":{"line":135,"column":2},"end":{"line":135,"column":56}},"type":"if","locations":[{"start":{"line":135,"column":2},"end":{"line":135,"column":56}},{"start":{"line":135,"column":2},"end":{"line":135,"column":56}}],"line":135},"22":{"loc":{"start":{"line":135,"column":6},"end":{"line":135,"column":47}},"type":"binary-expr","locations":[{"start":{"line":135,"column":6},"end":{"line":135,"column":23}},{"start":{"line":135,"column":27},"end":{"line":135,"column":47}}],"line":135},"23":{"loc":{"start":{"line":136,"column":2},"end":{"line":136,"column":70}},"type":"if","locations":[{"start":{"line":136,"column":2},"end":{"line":136,"column":70}},{"start":{"line":136,"column":2},"end":{"line":136,"column":70}}],"line":136},"24":{"loc":{"start":{"line":148,"column":2},"end":{"line":148,"column":56}},"type":"if","locations":[{"start":{"line":148,"column":2},"end":{"line":148,"column":56}},{"start":{"line":148,"column":2},"end":{"line":148,"column":56}}],"line":148},"25":{"loc":{"start":{"line":148,"column":6},"end":{"line":148,"column":47}},"type":"binary-expr","locations":[{"start":{"line":148,"column":6},"end":{"line":148,"column":23}},{"start":{"line":148,"column":27},"end":{"line":148,"column":47}}],"line":148},"26":{"loc":{"start":{"line":149,"column":2},"end":{"line":149,"column":70}},"type":"if","locations":[{"start":{"line":149,"column":2},"end":{"line":149,"column":70}},{"start":{"line":149,"column":2},"end":{"line":149,"column":70}}],"line":149}},"s":{"0":1,"1":1,"2":1,"3":2,"4":1,"5":1,"6":1,"7":0,"8":1,"9":2,"10":1,"11":1,"12":1,"13":0,"14":1,"15":0,"16":1,"17":0,"18":1,"19":1,"20":5,"21":0,"22":5,"23":0,"24":5,"25":4,"26":1,"27":1,"28":1,"29":0,"30":1,"31":0,"32":1,"33":1,"34":1,"35":1,"36":1,"37":1,"38":1,"39":0,"40":1,"41":0,"42":1,"43":0,"44":1,"45":1,"46":3,"47":0,"48":3,"49":0,"50":3,"51":0,"52":1,"53":1,"54":7,"55":0,"56":7,"57":0,"58":7,"59":0,"60":1,"61":1,"62":15,"63":0,"64":15,"65":0,"66":15,"67":204,"68":1,"69":1,"70":1,"71":0,"72":1,"73":0,"74":1,"75":0,"76":1,"77":1,"78":0,"79":0,"80":0,"81":0,"82":0,"83":0},"f":{"0":2,"1":1,"2":0,"3":2,"4":1,"5":0,"6":5,"7":4,"8":1,"9":1,"10":1,"11":0,"12":3,"13":0,"14":7,"15":0,"16":15,"17":204,"18":1,"19":0,"20":0,"21":0},"b":{"0":[0,1],"1":[1,1],"2":[0,1],"3":[0,5],"4":[5,5],"5":[0,5],"6":[0,1],"7":[1,1],"8":[0,1],"9":[0,1],"10":[1,1],"11":[0,1],"12":[0,3],"13":[3,3],"14":[0,3],"15":[0,7],"16":[7,7],"17":[0,7],"18":[0,15],"19":[15,15],"20":[0,15],"21":[0,1],"22":[1,1],"23":[0,1],"24":[0,0],"25":[0,0],"26":[0,0]},"_coverageSchema":"d34fc3e6b8297bcde183f5492bcb8fcb36775295","hash":"f31ecfec2fd28c053f52bbe65bfe81d40df54087","contentHash":"b411a14f7ab143b5f441e2088b4d06f7_12.0.2"},"/Users/Spencer/Documents/git/divine-engine/src/scene/index.ts":{"path":"/Users/Spencer/Documents/git/divine-engine/src/scene/index.ts","statementMap":{"0":{"start":{"line":3,"column":0},"end":{"line":5,"column":3}},"1":{"start":{"line":7,"column":24},"end":{"line":7,"column":53}},"2":{"start":{"line":9,"column":0},"end":{"line":17,"column":3}},"3":{"start":{"line":10,"column":2},"end":{"line":10,"column":56}},"4":{"start":{"line":10,"column":49},"end":{"line":10,"column":56}},"5":{"start":{"line":11,"column":2},"end":{"line":16,"column":5}},"6":{"start":{"line":14,"column":6},"end":{"line":14,"column":36}},"7":{"start":{"line":19,"column":20},"end":{"line":19,"column":45}},"8":{"start":{"line":21,"column":0},"end":{"line":29,"column":3}},"9":{"start":{"line":22,"column":2},"end":{"line":22,"column":56}},"10":{"start":{"line":22,"column":49},"end":{"line":22,"column":56}},"11":{"start":{"line":23,"column":2},"end":{"line":28,"column":5}},"12":{"start":{"line":26,"column":6},"end":{"line":26,"column":32}}},"fnMap":{"0":{"name":"(anonymous_0)","decl":{"start":{"line":9,"column":39},"end":{"line":9,"column":40}},"loc":{"start":{"line":9,"column":54},"end":{"line":17,"column":1}},"line":9},"1":{"name":"get","decl":{"start":{"line":13,"column":18},"end":{"line":13,"column":21}},"loc":{"start":{"line":13,"column":24},"end":{"line":15,"column":5}},"line":13},"2":{"name":"(anonymous_2)","decl":{"start":{"line":21,"column":35},"end":{"line":21,"column":36}},"loc":{"start":{"line":21,"column":50},"end":{"line":29,"column":1}},"line":21},"3":{"name":"get","decl":{"start":{"line":25,"column":18},"end":{"line":25,"column":21}},"loc":{"start":{"line":25,"column":24},"end":{"line":27,"column":5}},"line":25}},"branchMap":{"0":{"loc":{"start":{"line":10,"column":2},"end":{"line":10,"column":56}},"type":"if","locations":[{"start":{"line":10,"column":2},"end":{"line":10,"column":56}},{"start":{"line":10,"column":2},"end":{"line":10,"column":56}}],"line":10},"1":{"loc":{"start":{"line":10,"column":6},"end":{"line":10,"column":47}},"type":"binary-expr","locations":[{"start":{"line":10,"column":6},"end":{"line":10,"column":23}},{"start":{"line":10,"column":27},"end":{"line":10,"column":47}}],"line":10},"2":{"loc":{"start":{"line":22,"column":2},"end":{"line":22,"column":56}},"type":"if","locations":[{"start":{"line":22,"column":2},"end":{"line":22,"column":56}},{"start":{"line":22,"column":2},"end":{"line":22,"column":56}}],"line":22},"3":{"loc":{"start":{"line":22,"column":6},"end":{"line":22,"column":47}},"type":"binary-expr","locations":[{"start":{"line":22,"column":6},"end":{"line":22,"column":23}},{"start":{"line":22,"column":27},"end":{"line":22,"column":47}}],"line":22}},"s":{"0":1,"1":1,"2":1,"3":1,"4":0,"5":1,"6":1,"7":1,"8":1,"9":0,"10":0,"11":0,"12":0},"f":{"0":1,"1":1,"2":0,"3":0},"b":{"0":[0,1],"1":[1,1],"2":[0,0],"3":[0,0]},"_coverageSchema":"d34fc3e6b8297bcde183f5492bcb8fcb36775295","hash":"98ae7a9d4638d1a3ff0f19e02d77a1f10f1d44a0","contentHash":"5e4873466c132b3847c4798d748b649f_12.0.2"},"/Users/Spencer/Documents/git/divine-engine/src/scene/basescenemanager.ts":{"path":"/Users/Spencer/Documents/git/divine-engine/src/scene/basescenemanager.ts","statementMap":{"0":{"start":{"line":3,"column":29},"end":{"line":3,"column":84}},"1":{"start":{"line":5,"column":0},"end":{"line":7,"column":3}},"2":{"start":{"line":8,"column":0},"end":{"line":8,"column":34}},"3":{"start":{"line":10,"column":23},"end":{"line":10,"column":95}},"4":{"start":{"line":12,"column":20},"end":{"line":12,"column":89}},"5":{"start":{"line":14,"column":34},"end":{"line":14,"column":117}},"6":{"start":{"line":16,"column":23},"end":{"line":16,"column":95}},"7":{"start":{"line":18,"column":17},"end":{"line":18,"column":83}},"8":{"start":{"line":20,"column":30},"end":{"line":20,"column":109}},"9":{"start":{"line":22,"column":23},"end":{"line":22,"column":95}},"10":{"start":{"line":24,"column":15},"end":{"line":24,"column":41}},"11":{"start":{"line":26,"column":15},"end":{"line":26,"column":41}},"12":{"start":{"line":28,"column":13},"end":{"line":28,"column":37}},"13":{"start":{"line":33,"column":0},"end":{"line":179,"column":19}},"14":{"start":{"line":34,"column":2},"end":{"line":34,"column":54}},"15":{"start":{"line":43,"column":4},"end":{"line":43,"column":58}},"16":{"start":{"line":44,"column":4},"end":{"line":44,"column":135}},"17":{"start":{"line":45,"column":4},"end":{"line":45,"column":138}},"18":{"start":{"line":47,"column":4},"end":{"line":52,"column":5}},"19":{"start":{"line":48,"column":6},"end":{"line":48,"column":32}},"20":{"start":{"line":50,"column":6},"end":{"line":50,"column":36}},"21":{"start":{"line":54,"column":4},"end":{"line":54,"column":17}},"22":{"start":{"line":62,"column":2},"end":{"line":177,"column":6}},"23":{"start":{"line":65,"column":6},"end":{"line":68,"column":7}},"24":{"start":{"line":65,"column":37},"end":{"line":65,"column":56}},"25":{"start":{"line":66,"column":8},"end":{"line":66,"column":131}},"26":{"start":{"line":67,"column":8},"end":{"line":67,"column":48}},"27":{"start":{"line":78,"column":6},"end":{"line":78,"column":179}},"28":{"start":{"line":78,"column":31},"end":{"line":78,"column":51}},"29":{"start":{"line":78,"column":56},"end":{"line":78,"column":179}},"30":{"start":{"line":90,"column":6},"end":{"line":90,"column":117}},"31":{"start":{"line":90,"column":34},"end":{"line":90,"column":78}},"32":{"start":{"line":90,"column":83},"end":{"line":90,"column":117}},"33":{"start":{"line":103,"column":6},"end":{"line":103,"column":74}},"34":{"start":{"line":104,"column":6},"end":{"line":104,"column":54}},"35":{"start":{"line":105,"column":6},"end":{"line":105,"column":58}},"36":{"start":{"line":106,"column":6},"end":{"line":106,"column":25}},"37":{"start":{"line":117,"column":6},"end":{"line":122,"column":7}},"38":{"start":{"line":118,"column":8},"end":{"line":118,"column":23}},"39":{"start":{"line":120,"column":8},"end":{"line":120,"column":25}},"40":{"start":{"line":121,"column":8},"end":{"line":121,"column":158}},"41":{"start":{"line":134,"column":6},"end":{"line":134,"column":40}},"42":{"start":{"line":145,"column":6},"end":{"line":145,"column":55}},"43":{"start":{"line":156,"column":6},"end":{"line":159,"column":7}},"44":{"start":{"line":156,"column":37},"end":{"line":156,"column":60}},"45":{"start":{"line":157,"column":8},"end":{"line":157,"column":118}},"46":{"start":{"line":158,"column":8},"end":{"line":158,"column":70}},"47":{"start":{"line":178,"column":2},"end":{"line":178,"column":26}},"48":{"start":{"line":181,"column":0},"end":{"line":181,"column":44}}},"fnMap":{"0":{"name":"(anonymous_0)","decl":{"start":{"line":33,"column":0},"end":{"line":33,"column":1}},"loc":{"start":{"line":33,"column":20},"end":{"line":179,"column":1}},"line":33},"1":{"name":"BaseSceneManager","decl":{"start":{"line":40,"column":11},"end":{"line":40,"column":27}},"loc":{"start":{"line":40,"column":38},"end":{"line":55,"column":3}},"line":40},"2":{"name":"getScene","decl":{"start":{"line":64,"column":20},"end":{"line":64,"column":28}},"loc":{"start":{"line":64,"column":31},"end":{"line":69,"column":5}},"line":64},"3":{"name":"setScene","decl":{"start":{"line":77,"column":20},"end":{"line":77,"column":28}},"loc":{"start":{"line":77,"column":36},"end":{"line":79,"column":5}},"line":77},"4":{"name":"buildScene","decl":{"start":{"line":89,"column":20},"end":{"line":89,"column":30}},"loc":{"start":{"line":89,"column":51},"end":{"line":91,"column":5}},"line":89},"5":{"name":"loadScene","decl":{"start":{"line":101,"column":20},"end":{"line":101,"column":29}},"loc":{"start":{"line":101,"column":40},"end":{"line":107,"column":5}},"line":101},"6":{"name":"shutdown","decl":{"start":{"line":116,"column":20},"end":{"line":116,"column":28}},"loc":{"start":{"line":116,"column":31},"end":{"line":123,"column":5}},"line":116},"7":{"name":"unloadScene","decl":{"start":{"line":132,"column":20},"end":{"line":132,"column":31}},"loc":{"start":{"line":132,"column":42},"end":{"line":135,"column":5}},"line":132},"8":{"name":"buildSceneFromData","decl":{"start":{"line":144,"column":20},"end":{"line":144,"column":38}},"loc":{"start":{"line":144,"column":45},"end":{"line":146,"column":5}},"line":144},"9":{"name":"cleanup","decl":{"start":{"line":155,"column":20},"end":{"line":155,"column":27}},"loc":{"start":{"line":155,"column":30},"end":{"line":160,"column":5}},"line":155},"10":{"name":"writeSceneToFile","decl":{"start":{"line":172,"column":20},"end":{"line":172,"column":36}},"loc":{"start":{"line":172,"column":44},"end":{"line":176,"column":5}},"line":172}},"branchMap":{"0":{"loc":{"start":{"line":47,"column":4},"end":{"line":52,"column":5}},"type":"if","locations":[{"start":{"line":47,"column":4},"end":{"line":52,"column":5}},{"start":{"line":47,"column":4},"end":{"line":52,"column":5}}],"line":47},"1":{"loc":{"start":{"line":65,"column":6},"end":{"line":68,"column":7}},"type":"if","locations":[{"start":{"line":65,"column":6},"end":{"line":68,"column":7}},{"start":{"line":65,"column":6},"end":{"line":68,"column":7}}],"line":65},"2":{"loc":{"start":{"line":78,"column":6},"end":{"line":78,"column":179}},"type":"if","locations":[{"start":{"line":78,"column":6},"end":{"line":78,"column":179}},{"start":{"line":78,"column":6},"end":{"line":78,"column":179}}],"line":78},"3":{"loc":{"start":{"line":90,"column":6},"end":{"line":90,"column":117}},"type":"if","locations":[{"start":{"line":90,"column":6},"end":{"line":90,"column":117}},{"start":{"line":90,"column":6},"end":{"line":90,"column":117}}],"line":90},"4":{"loc":{"start":{"line":156,"column":6},"end":{"line":159,"column":7}},"type":"if","locations":[{"start":{"line":156,"column":6},"end":{"line":159,"column":7}},{"start":{"line":156,"column":6},"end":{"line":159,"column":7}}],"line":156}},"s":{"0":1,"1":1,"2":1,"3":1,"4":1,"5":1,"6":1,"7":1,"8":1,"9":1,"10":1,"11":1,"12":1,"13":1,"14":1,"15":1,"16":1,"17":1,"18":1,"19":0,"20":1,"21":1,"22":1,"23":0,"24":0,"25":0,"26":0,"27":0,"28":0,"29":0,"30":0,"31":0,"32":0,"33":2,"34":2,"35":2,"36":2,"37":1,"38":1,"39":0,"40":0,"41":0,"42":2,"43":1,"44":1,"45":0,"46":0,"47":1,"48":1},"f":{"0":1,"1":1,"2":0,"3":0,"4":0,"5":2,"6":1,"7":0,"8":2,"9":1,"10":0},"b":{"0":[0,1],"1":[0,0],"2":[0,0],"3":[0,0],"4":[1,0]},"_coverageSchema":"d34fc3e6b8297bcde183f5492bcb8fcb36775295","hash":"3ad796bfc8b13b5cade74284ea1c415fd54f931d","contentHash":
[...]
lumn":61}},"21":{"start":{"line":76,"column":4},"end":{"line":76,"column":68}},"22":{"start":{"line":77,"column":4},"end":{"line":77,"column":58}},"23":{"start":{"line":78,"column":4},"end":{"line":78,"column":58}},"24":{"start":{"line":79,"column":4},"end":{"line":79,"column":54}},"25":{"start":{"line":80,"column":4},"end":{"line":80,"column":57}},"26":{"start":{"line":80,"column":30},"end":{"line":80,"column":57}},"27":{"start":{"line":85,"column":4},"end":{"line":85,"column":25}},"28":{"start":{"line":87,"column":4},"end":{"line":100,"column":5}},"29":{"start":{"line":88,"column":19},"end":{"line":88,"column":45}},"30":{"start":{"line":90,"column":6},"end":{"line":90,"column":53}},"31":{"start":{"line":91,"column":6},"end":{"line":91,"column":34}},"32":{"start":{"line":92,"column":11},"end":{"line":100,"column":5}},"33":{"start":{"line":93,"column":6},"end":{"line":99,"column":7}},"34":{"start":{"line":94,"column":8},"end":{"line":94,"column":35}},"35":{"start":{"line":96,"column":8},"end":{"line":96,"column":35}},"36":{"start":{"line":98,"column":8},"end":{"line":98,"column":111}},"37":{"start":{"line":109,"column":2},"end":{"line":189,"column":6}},"38":{"start":{"line":121,"column":6},"end":{"line":121,"column":45}},"39":{"start":{"line":141,"column":6},"end":{"line":141,"column":48}},"40":{"start":{"line":151,"column":6},"end":{"line":151,"column":33}},"41":{"start":{"line":162,"column":6},"end":{"line":162,"column":34}},"42":{"start":{"line":172,"column":6},"end":{"line":172,"column":18}},"43":{"start":{"line":173,"column":6},"end":{"line":173,"column":21}},"44":{"start":{"line":184,"column":6},"end":{"line":184,"column":24}},"45":{"start":{"line":190,"column":2},"end":{"line":190,"column":20}},"46":{"start":{"line":193,"column":0},"end":{"line":193,"column":32}},"47":{"start":{"line":194,"column":0},"end":{"line":194,"column":60}}},"fnMap":{"0":{"name":"(anonymous_0)","decl":{"start":{"line":22,"column":0},"end":{"line":22,"column":1}},"loc":{"start":{"line":22,"column":12},"end":{"line":191,"column":1}},"line":22},"1":{"name":"get","decl":{"start":{"line":30,"column":18},"end":{"line":30,"column":21}},"loc":{"start":{"line":30,"column":24},"end":{"line":32,"column":5}},"line":30},"2":{"name":"get","decl":{"start":{"line":40,"column":18},"end":{"line":40,"column":21}},"loc":{"start":{"line":40,"column":24},"end":{"line":42,"column":5}},"line":40},"3":{"name":"set","decl":{"start":{"line":55,"column":18},"end":{"line":55,"column":21}},"loc":{"start":{"line":55,"column":29},"end":{"line":65,"column":5}},"line":55},"4":{"name":"get","decl":{"start":{"line":68,"column":18},"end":{"line":68,"column":21}},"loc":{"start":{"line":68,"column":24},"end":{"line":70,"column":5}},"line":68},"5":{"name":"GameWindow","decl":{"start":{"line":73,"column":11},"end":{"line":73,"column":21}},"loc":{"start":{"line":73,"column":41},"end":{"line":101,"column":3}},"line":73},"6":{"name":"start","decl":{"start":{"line":111,"column":20},"end":{"line":111,"column":25}},"loc":{"start":{"line":111,"column":28},"end":{"line":111,"column":30}},"line":111},"7":{"name":"update","decl":{"start":{"line":119,"column":20},"end":{"line":119,"column":26}},"loc":{"start":{"line":119,"column":29},"end":{"line":122,"column":5}},"line":119},"8":{"name":"refresh","decl":{"start":{"line":130,"column":20},"end":{"line":130,"column":27}},"loc":{"start":{"line":130,"column":30},"end":{"line":130,"column":32}},"line":130},"9":{"name":"resize","decl":{"start":{"line":140,"column":20},"end":{"line":140,"column":26}},"loc":{"start":{"line":140,"column":42},"end":{"line":142,"column":5}},"line":140},"10":{"name":"close","decl":{"start":{"line":150,"column":20},"end":{"line":150,"column":25}},"loc":{"start":{"line":150,"column":28},"end":{"line":152,"column":5}},"line":150},"11":{"name":"stop","decl":{"start":{"line":161,"column":20},"end":{"line":161,"column":24}},"loc":{"start":{"line":161,"column":27},"end":{"line":163,"column":5}},"line":161},"12":{"name":"shutdown","decl":{"start":{"line":171,"column":20},"end":{"line":171,"column":28}},"loc":{"start":{"line":171,"column":31},"end":{"line":174,"column":5}},"line":171},"13":{"name":"toString","decl":{"start":{"line":183,"column":20},"end":{"line":183,"column":28}},"loc":{"start":{"line":183,"column":31},"end":{"line":185,"column":5}},"line":183},"14":{"name":"cleanup","decl":{"start":{"line":188,"column":20},"end":{"line":188,"column":27}},"loc":{"start":{"line":188,"column":30},"end":{"line":188,"column":32}},"line":188}},"branchMap":{"0":{"loc":{"start":{"line":58,"column":6},"end":{"line":64,"column":7}},"type":"if","locations":[{"start":{"line":58,"column":6},"end":{"line":64,"column":7}},{"start":{"line":58,"column":6},"end":{"line":64,"column":7}}],"line":58},"1":{"loc":{"start":{"line":60,"column":13},"end":{"line":64,"column":7}},"type":"if","locations":[{"start":{"line":60,"column":13},"end":{"line":64,"column":7}},{"start":{"line":60,"column":13},"end":{"line":64,"column":7}}],"line":60},"2":{"loc":{"start":{"line":60,"column":17},"end":{"line":60,"column":90}},"type":"binary-expr","locations":[{"start":{"line":60,"column":17},"end":{"line":60,"column":55}},{"start":{"line":60,"column":59},"end":{"line":60,"column":90}}],"line":60},"3":{"loc":{"start":{"line":80,"column":4},"end":{"line":80,"column":57}},"type":"if","locations":[{"start":{"line":80,"column":4},"end":{"line":80,"column":57}},{"start":{"line":80,"column":4},"end":{"line":80,"column":57}}],"line":80},"4":{"loc":{"start":{"line":87,"column":4},"end":{"line":100,"column":5}},"type":"if","locations":[{"start":{"line":87,"column":4},"end":{"line":100,"column":5}},{"start":{"line":87,"column":4},"end":{"line":100,"column":5}}],"line":87},"5":{"loc":{"start":{"line":92,"column":11},"end":{"line":100,"column":5}},"type":"if","locations":[{"start":{"line":92,"column":11},"end":{"line":100,"column":5}},{"start":{"line":92,"column":11},"end":{"line":100,"column":5}}],"line":92},"6":{"loc":{"start":{"line":93,"column":6},"end":{"line":99,"column":7}},"type":"if","locations":[{"start":{"line":93,"column":6},"end":{"line":99,"column":7}},{"start":{"line":93,"column":6},"end":{"line":99,"column":7}}],"line":93}},"s":{"0":1,"1":1,"2":1,"3":1,"4":1,"5":1,"6":1,"7":1,"8":1,"9":1,"10":0,"11":0,"12":1,"13":1,"14":0,"15":1,"16":0,"17":1,"18":0,"19":1,"20":1,"21":1,"22":1,"23":1,"24":1,"25":1,"26":0,"27":1,"28":1,"29":0,"30":0,"31":0,"32":1,"33":0,"34":0,"35":0,"36":0,"37":1,"38":0,"39":0,"40":0,"41":0,"42":0,"43":0,"44":0,"45":1,"46":1,"47":1},"f":{"0":1,"1":0,"2":0,"3":1,"4":0,"5":1,"6":1,"7":0,"8":0,"9":0,"10":0,"11":0,"12":0,"13":0,"14":0},"b":{"0":[0,1],"1":[0,1],"2":[1,0],"3":[0,1],"4":[0,1],"5":[0,1],"6":[0,0]},"_coverageSchema":"d34fc3e6b8297bcde183f5492bcb8fcb36775295","hash":"cee8b93c513ade5a69c46bf85c6a85e06487983e","contentHash":"9546eb9cd1366a6731d1840689608842_12.0.2"},"/Users/Spencer/Documents/git/divine-engine/src/core/render/rendersystem.ts":{"path":"/Users/Spencer/Documents/git/divine-engine/src/core/render/rendersystem.ts","statementMap":{"0":{"start":{"line":3,"column":30},"end":{"line":3,"column":86}},"1":{"start":{"line":5,"column":29},"end":{"line":5,"column":84}},"2":{"start":{"line":7,"column":0},"end":{"line":9,"column":3}},"3":{"start":{"line":10,"column":0},"end":{"line":10,"column":30}},"4":{"start":{"line":12,"column":23},"end":{"line":12,"column":95}},"5":{"start":{"line":14,"column":20},"end":{"line":14,"column":89}},"6":{"start":{"line":16,"column":23},"end":{"line":16,"column":95}},"7":{"start":{"line":18,"column":12},"end":{"line":18,"column":53}},"8":{"start":{"line":20,"column":14},"end":{"line":20,"column":34}},"9":{"start":{"line":22,"column":14},"end":{"line":22,"column":34}},"10":{"start":{"line":26,"column":0},"end":{"line":107,"column":3}},"11":{"start":{"line":33,"column":4},"end":{"line":33,"column":54}},"12":{"start":{"line":34,"column":4},"end":{"line":34,"column":58}},"13":{"start":{"line":35,"column":4},"end":{"line":35,"column":57}},"14":{"start":{"line":36,"column":4},"end":{"line":36,"column":60}},"15":{"start":{"line":37,"column":4},"end":{"line":37,"column":60}},"16":{"start":{"line":38,"column":4},"end":{"line":38,"column":56}},"17":{"start":{"line":39,"column":4},"end":{"line":39,"column":60}},"18":{"start":{"line":40,"column":4},"end":{"line":40,"column":28}},"19":{"start":{"line":41,"column":4},"end":{"line":41,"column":27}},"20":{"start":{"line":42,"column":4},"end":{"line":42,"column":30}},"21":{"start":{"line":43,"column":4},"end":{"line":43,"column":30}},"22":{"start":{"line":44,"column":4},"end":{"line":44,"column":26}},"23":{"start":{"line":45,"column":4},"end":{"line":45,"column":30}},"24":{"start":{"line":47,"column":4},"end":{"line":63,"column":7}},"25":{"start":{"line":49,"column":6},"end":{"line":49,"column":78}},"26":{"start":{"line":50,"column":6},"end":{"line":50,"column":33}},"27":{"start":{"line":51,"column":6},"end":{"line":51,"column":37}},"28":{"start":{"line":52,"column":6},"end":{"line":52,"column":59}},"29":{"start":{"line":53,"column":6},"end":{"line":53,"column":53}},"30":{"start":{"line":54,"column":6},"end":{"line":54,"column":63}},"31":{"start":{"line":55,"column":6},"end":{"line":55,"column":32}},"32":{"start":{"line":56,"column":6},"end":{"line":58,"column":9}},"33":{"start":{"line":59,"column":6},"end":{"line":59,"column":67}},"34":{"start":{"line":60,"column":6},"end":{"line":60,"column":58}},"35":{"start":{"line":61,"column":11},"end":{"line":63,"column":7}},"36":{"start":{"line":66,"column":2},"end":{"line":105,"column":6}},"37":{"start":{"line":81,"column":6},"end":{"line":81,"column":21}},"38":{"start":{"line":97,"column":6},"end":{"line":103,"column":7}},"39":{"start":{"line":100,"column":8},"end":{"line":100,"column":37}},"40":{"start":{"line":101,"column":8},"end":{"line":101,"column":37}},"41":{"start":{"line":102,"column":8},"end":{"line":102,"column":54}},"42":{"start":{"line":106,"column":2},"end":{"line":106,"column":22}},"43":{"start":{"line":109,"column":0},"end":{"line":109,"column":36}}},"fnMap":{"0":{"name":"(anonymous_0)","decl":{"start":{"line":26,"column":0},"end":{"line":26,"column":1}},"loc":{"start":{"line":26,"column":12},"end":{"line":107,"column":1}},"line":26},"1":{"name":"RenderSystem","decl":{"start":{"line":32,"column":11},"end":{"line":32,"column":23}},"loc":{"start":{"line":32,"column":39},"end":{"line":64,"column":3}},"line":32},"2":{"name":"cleanup","decl":{"start":{"line":68,"column":20},"end":{"line":68,"column":27}},"loc":{"start":{"line":68,"column":30},"end":{"line":68,"column":32}},"line":68},"3":{"name":"initialize","decl":{"start":{"line":77,"column":20},"end":{"line":77,"column":30}},"loc":{"start":{"line":77,"column":33},"end":{"line":77,"column":35}},"line":77},"4":{"name":"shutdown","decl":{"start":{"line":80,"column":20},"end":{"line":80,"column":28}},"loc":{"start":{"line":80,"column":31},"end":{"line":82,"column":5}},"line":80},"5":{"name":"start","decl":{"start":{"line":90,"column":20},"end":{"line":90,"column":25}},"loc":{"start":{"line":90,"column":28},"end":{"line":90,"column":30}},"line":90},"6":{"name":"stop","decl":{"start":{"line":93,"column":20},"end":{"line":93,"column":24}},"loc":{"start":{"line":93,"column":27},"end":{"line":93,"column":29}},"line":93},"7":{"name":"update","decl":{"start":{"line":96,"column":20},"end":{"line":96,"column":26}},"loc":{"start":{"line":96,"column":34},"end":{"line":104,"column":5}},"line":96}},"branchMap":{"0":{"loc":{"start":{"line":47,"column":4},"end":{"line":63,"column":7}},"type":"if","locations":[{"start":{"line":47,"column":4},"end":{"line":63,"column":7}},{"start":{"line":47,"column":4},"end":{"line":63,"column":7}}],"line":47},"1":{"loc":{"start":{"line":61,"column":11},"end":{"line":63,"column":7}},"type":"if","locations":[{"start":{"line":61,"column":11},"end":{"line":63,"column":7}},{"start":{"line":61,"column":11},"end":{"line":63,"column":7}}],"line":61},"2":{"loc":{"start":{"line":97,"column":6},"end":{"line":103,"column":7}},"type":"if","locations":[{"start":{"line":97,"column":6},"end":{"line":103,"column":7}},{"start":{"line":97,"column":6},"end":{"line":103,"column":7}}],"line":97}},"s":{"0":1,"1":1,"2":1,"3":1,"4":1,"5":1,"6":1,"7":1,"8":1,"9":1,"10":1,"11":1,"12":1,"13":1,"14":1,"15":1,"16":1,"17":1,"18":1,"19":1,"20":1,"21":1,"22":1,"23":1,"24":1,"25":0,"26":0,"27":0,"28":0,"29":0,"30":0,"31":0,"32":0,"33":0,"34":0,"35":1,"36":1,"37":1,"38":3,"39":0,"40":0,"41":0,"42":1,"43":1},"f":{"0":1,"1":1,"2":1,"3":1,"4":1,"5":0,"6":0,"7":3},"b":{"0":[0,1],"1":[0,1],"2":[0,3]},"_coverageSchema":"d34fc3e6b8297bcde183f5492bcb8fcb36775295","hash":"80a05bbee06d5470eebb8f4c86ad291bc819a7e8","contentHash":"9625dbfd714865e2fd6a390ba69b0270_12.0.2"},"/Users/Spencer/Documents/git/divine-engine/src/core/assets/iasset.ts":{"path":"/Users/Spencer/Documents/git/divine-engine/src/core/assets/iasset.ts","statementMap":{},"fnMap":{},"branchMap":{},"s":{},"f":{},"b":{},"_coverageSchema":"d34fc3e6b8297bcde183f5492bcb8fcb36775295","hash":"feb1af37e5f8535b3ed592e3d6bcf18444a7bfed","contentHash":"7005031b82d7aec9cd0116a7573fb144_12.0.2"},"/Users/Spencer/Documents/git/divine-engine/src/core/assets/iassetloader.ts":{"path":"/Users/Spencer/Documents/git/divine-engine/src/core/assets/iassetloader.ts","statementMap":{},"fnMap":{},"branchMap":{},"s":{},"f":{},"b":{},"_coverageSchema":"d34fc3e6b8297bcde183f5492bcb8fcb36775295","hash":"5f7905de143c0fa5c13f6f786a56c3322a49f8ee","contentHash":"9a3a247d5780578665660daf43735ce5_12.0.2"},"/Users/Spencer/Documents/git/divine-engine/src/core/messagesystem/index.ts":{"path":"/Users/Spencer/Documents/git/divine-engine/src/core/messagesystem/index.ts","statementMap":{"0":{"start":{"line":3,"column":0},"end":{"line":5,"column":3}},"1":{"start":{"line":7,"column":23},"end":{"line":7,"column":51}},"2":{"start":{"line":9,"column":0},"end":{"line":17,"column":3}},"3":{"start":{"line":10,"column":2},"end":{"line":10,"column":56}},"4":{"start":{"line":10,"column":49},"end":{"line":10,"column":56}},"5":{"start":{"line":11,"column":2},"end":{"line":16,"column":5}},"6":{"start":{"line":14,"column":6},"end":{"line":14,"column":35}},"7":{"start":{"line":19,"column":23},"end":{"line":19,"column":51}},"8":{"start":{"line":21,"column":0},"end":{"line":29,"column":3}},"9":{"start":{"line":22,"column":2},"end":{"line":22,"column":56}},"10":{"start":{"line":22,"column":49},"end":{"line":22,"column":56}},"11":{"start":{"line":23,"column":2},"end":{"line":28,"column":5}},"12":{"start":{"line":26,"column":6},"end":{"line":26,"column":35}},"13":{"start":{"line":31,"column":16},"end":{"line":31,"column":37}},"14":{"start":{"line":33,"column":0},"end":{"line":41,"column":3}},"15":{"start":{"line":34,"column":2},"end":{"line":34,"column":56}},"16":{"start":{"line":34,"column":49},"end":{"line":34,"column":56}},"17":{"start":{"line":35,"column":2},"end":{"line":40,"column":5}},"18":{"start":{"line":38,"column":6},"end":{"line":38,"column":28}},"19":{"start":{"line":43,"column":21},"end":{"line":43,"column":47}},"20":{"start":{"line":45,"column":0},"end":{"line":53,"column":3}},"21":{"start":{"line":46,"column":2},"end":{"line":46,"column":56}},"22":{"start":{"line":46,"column":49},"end":{"line":46,"column":56}},"23":{"start":{"line":47,"column":2},"end":{"line":52,"column":5}},"24":{"start":{"line":50,"column":6},"end":{"line":50,"column":33}}},"fnMap":{"0":{"name":"(anonymous_0)","decl":{"start":{"line":9,"column":38},"end":{"line":9,"column":39}},"loc":{"start":{"line":9,"column":53},"end":{"line":17,"column":1}},"line":9},"1":{"name":"get","decl":{"start":{"line":13,"column":18},"end":{"line":13,"column":21}},"loc":{"start":{"line":13,"column":24},"end":{"line":15,"column":5}},"line":13},"2":{"name":"(anonymous_2)","decl":{"start":{"line":21,"column":38},"end":{"line":21,"column":39}},"loc":{"start":{"line":21,"column":53},"end":{"line":29,"column":1}},"line":21},"3":{"name":"get","decl":{"start":{"line":25,"column":18},"end":{"line":25,"column":21}},"loc":{"start":{"line":25,"column":24},"end":{"line":27,"column":5}},"line":25},"4":{"name":"(anonymous_4)","decl":{"start":{"line":33,"column":31},"end":{"line":33,"column":32}},"loc":{"start":{"line":33,"column":46},"end":{"line":41,"column":1}},"line":33},"5":{"name":"get","decl":{"start":{"line":37,"column":18},"end":{"line":37,"column":21}},"loc":{"start":{"line":37,"column":24},"end":{"line":39,"column":5}},"line":37},"6":{"name":"(anonymous_6)","decl":{"start":{"line":45,"column":36},"end":{"line":45,"column":37}},"loc":{"start":{"line":45,"column":51},"end":{"line":53,"column":1}},"line":45},"7":{"name":"get","decl":{"start":{"line":49,"column":18},"end":{"line":49,"column":21}},"loc":{"start":{"line":49,"column":24},"end":{"line":51,"column":5}},"line":49}},"branchMap":{"0":{"loc":{"start":{"line":10,"column":2},"end":{"line":10,"column":56}},"type":"if","locations":[{"start":{"line":10,"column":2},"end":{"line":10,"column":56}},{"start":{"line":10,"column":2},"end":{"line":10,"column":56}}],"line":10},"1":{"loc":{"start":{"line":10,"column":6},"end":{"line":10,"column":47}},"type":"binary-expr","locations":[{"start":{"line":10,"column":6},"end":{"line":10,"column":23}},{"start":{"line":10,"column":27},"end":{"line":10,"column":47}}],"line":10},"2":{"loc":{"start":{"line":22,"column":2},"end":{"line":22,"column":56}},"type":"if","locations":[{"start":{"line":22,"column":2},"end":{"line":22,"column":56}},{"start":{"line":22,"column":2},"end":{"line":22,"column":56}}],"line":22},"3":{"loc":{"start":{"line":22,"column":6},"end":{"line":22,"column":47}},"type":"binary-expr","locations":[{"start":{"line":22,"column":6},"end":{"line":22,"column":23}},{"start":{"line":22,"column":27},"end":{"line":22,"column":47}}],"line":22},"4":{"loc":{"start":{"line":34,"column":2},"end":{"line":34,"column":56}},"type":"if","locations":[{"start":{"line":34,"column":2},"end":{"line":34,"column":56}},{"start":{"line":34,"column":2},"end":{"line":34,"column":56}}],"line":34},"5":{"loc":{"start":{"line":34,"column":6},"end":{"line":34,"column":47}},"type":"binary-expr","locations":[{"start":{"line":34,"column":6},"end":{"line":34,"column":23}},{"start":{"line":34,"column":27},"end":{"line":34,"column":47}}],"line":34},"6":{"loc":{"start":{"line":46,"column":2},"end":{"line":46,"column":56}},"type":"if","locations":[{"start":{"line":46,"column":2},"end":{"line":46,"column":56}},{"start":{"line":46,"column":2},"end":{"line":46,"column":56}}],"line":46},"7":{"loc":{"start":{"line":46,"column":6},"end":{"line":46,"column":47}},"type":"binary-expr","locations":[{"start":{"line":46,"column":6},"end":{"line":46,"column":23}},{"start":{"line":46,"column":27},"end":{"line":46,"column":47}}],"line":46}},"s":{"0":1,"1":1,"2":1,"3":0,"4":0,"5":0,"6":0,"7":1,"8":1,"9":1,"10":0,"11":1,"12":0,"13":1,"14":1,"15":11,"16":0,"17":11,"18":20,"19":1,"20":1,"21":3,"22":0,"23":3,"24":184},"f":{"0":0,"1":0,"2":1,"3":0,"4":11,"5":20,"6":3,"7":184},"b":{"0":[0,0],"1":[0,0],"2":[0,1],"3":[1,1],"4":[0,11],"5":[11,11],"6":[0,3],"7":[3,3]},"_coverageSchema":"d34fc3e6b8297bcde183f5492bcb8fcb36775295","hash":"bbc7e36ec978d0049b1ee4dd2f48c83a5d7f5501","contentHash":"1bff2ce9451fab5d6f536c682c990af0_12.0.2"},"/Users/Spencer/Documents/git/divine-engine/src/core/messagesystem/imessagehandler.ts":{"path":"/Users/Spencer/Documents/git/divine-engine/src/core/messagesystem/imessagehandler.ts","statementMap":{},"fnMap":{},"branchMap":{},"s":{},"f":{},"b":{},"_coverageSchema":"d34fc3e6b8297bcde183f5492bcb8fcb36775295","hash":"4c706e2d29130748f51dcbc3f5c29ddbbeb5a5bd","contentHash":"d4359f72d0547e1aecabddc939ba5af8_12.0.2"},"/Users/Spencer/Documents/git/divine-engine/src/core/window.ts":{"path":"/Users/Spencer/Documents/git/divine-engine/src/core/window.ts","statementMap":{},"fnMap":{},"branchMap":{},"s":{},"f":{},"b":{},"_coverageSchema":"d34fc3e6b8297bcde183f5492bcb8fcb36775295","hash":"ee3f5ba9fba268181bc65c66de456d60efdcd83e","contentHash":"f41883f44f6d01fbc6d30f84d504ec8d_12.0.2"}}