TN:
SF:/Users/Spencer/Documents/git/divine-engine/rollup.config.js
FNF:0
FNH:0
LF:0
LH:0
BRF:0
BRH:0
end_of_record
TN:
SF:/Users/Spencer/Documents/git/divine-engine/lib/divine.js
FN:5,(anonymous_0)
FN:11,(anonymous_1)
FN:12,defineProperties
FN:22,(anonymous_3)
FN:29,(anonymous_4)
FN:45,(anonymous_5)
FN:58,(anonymous_6)
FN:59,DObject
FN:69,createID
FN:74,get$$1
FN:81,(anonymous_10)
FN:84,Component
FN:93,(anonymous_12)
FN:118,Log
FN:129,LogError
FN:140,LogInfo
FN:156,LogDebug
FN:198,Transform
FN:213,(anonymous_18)
FN:228,Entity
FN:258,setParent
FN:268,removeParent
FN:279,addChild
FN:296,addChildren
FN:299,(anonymous_24)
FN:313,addComponent
FN:336,addComponents
FN:371,hasChild
FN:372,(anonymous_28)
FN:385,hasComponent
FN:386,(anonymous_30)
FN:401,getChild
FN:402,(anonymous_32)
FN:419,getChildren
FN:430,getComponent
FN:431,(anonymous_35)
FN:448,toString
FN:455,get$$1
FN:468,(anonymous_38)
FN:471,FlagComponent
FN:485,getFlagnumber
FN:494,(anonymous_41)
FN:495,GameWindow
FN:513,update
FN:519,toString
FN:526,resize
FN:531,close
FN:536,get$$1
FN:541,get$$1
FN:546,get$$1
FN:551,refresh
FN:554,start
FN:565,shutdown
FN:570,get$$1
FN:575,get$$1
FN:578,set$$1
FN:599,EventHandlers
FN:602,EventEmitter
FN:620,(anonymous_58)
FN:637,setMaxListeners
FN:643,$getMaxListeners
FN:648,getMaxListeners
FN:657,emitNone
FN:666,emitOne
FN:675,emitTwo
FN:684,emitThree
FN:694,emitMany
FN:704,emit
FN:764,_addListener
FN:822,emitWarning
FN:825,addListener
FN:831,prependListener
FN:835,_onceWrap
FN:837,g
FN:848,once
FN:854,prependOnceListener
FN:861,removeListener
FN:908,removeAllListeners
FN:953,listeners
FN:966,(anonymous_79)
FN:975,listenerCount
FN:991,eventNames
FN:996,spliceOne
FN:1002,arrayClone
FN:1009,unwrapListeners
FN:1020,(anonymous_85)
FN:1026,MessageSystem
FN:1041,sendMessage
FN:1051,allListenersCount
FN:1056,(anonymous_89)
FN:1064,(anonymous_90)
FN:1098,(anonymous_91)
FN:1107,Message
FN:1121,get$$1
FN:1131,get$$1
FN:1140,(anonymous_95)
FN:1143,TestMessage
FN:1165,(anonymous_97)
FN:1168,EntityMessage
FN:1179,(anonymous_99)
FN:1182,ErrorSystemMessage
FN:1200,(anonymous_101)
FN:1203,IOSystemMessage
FN:1214,(anonymous_103)
FN:1217,PhysicsSystemMessage
FN:1228,(anonymous_105)
FN:1231,RenderSystemMessage
FN:1247,(anonymous_107)
FN:1250,SoundSystemMessage
FN:1264,(anonymous_109)
FN:1267,KeyInputMessage
FN:1282,(anonymous_111)
FN:1285,MouseInputMessage
FN:1302,(anonymous_113)
FN:1305,TouchInputMessage
FN:1321,(anonymous_115)
FN:1337,EngineArguments
FN:1362,(anonymous_117)
FN:1366,Engine
FN:1417,frame
FN:1441,update
FN:1460,setEngineArguments
FN:1466,timestamp
FN:1476,get$$1
FN:1486,get$$1
FN:1496,get$$1
FN:1511,start
FN:1529,stop
FN:1539,play
FN:1554,pause
FN:1565,shutdown
FN:1577,get$$1
FN:1591,get$$1
FN:1601,get$$1
FN:1611,get$$1
FN:1616,get$$1
FN:1626,get$$1
FN:1636,get$$1
FN:1647,(anonymous_138)
FN:1648,Scene
FN:1663,start
FN:1666,restart
FN:1669,stop
FN:1674,(anonymous_143)
FN:1677,MessageReceiverComponent
FN:1689,sendMessage
FN:1696,(anonymous_146)
FN:1699,RenderComponent
FN:1707,(anonymous_148)
FN:1710,SoundComponent
FNF:150
FNH:0
FNDA:0,(anonymous_0)
FNDA:0,(anonymous_1)
FNDA:0,defineProperties
FNDA:0,(anonymous_3)
FNDA:0,(anonymous_4)
FNDA:0,(anonymous_5)
FNDA:0,(anonymous_6)
FNDA:0,DObject
FNDA:0,createID
FNDA:0,get$$1
FNDA:0,(anonymous_10)
FNDA:0,Component
FNDA:0,(anonymous_12)
FNDA:0,Log
FNDA:0,LogError
FNDA:0,LogInfo
FNDA:0,LogDebug
FNDA:0,Transform
FNDA:0,(anonymous_18)
FNDA:0,Entity
FNDA:0,setParent
FNDA:0,removeParent
FNDA:0,addChild
FNDA:0,addChildren
FNDA:0,(anonymous_24)
FNDA:0,addComponent
FNDA:0,addComponents
FNDA:0,hasChild
FNDA:0,(anonymous_28)
FNDA:0,hasComponent
FNDA:0,(anonymous_30)
FNDA:0,getChild
FNDA:0,(anonymous_32)
FNDA:0,getChildren
FNDA:0,getComponent
FNDA:0,(anonymous_35)
FNDA:0,toString
FNDA:0,get$$1
FNDA:0,(anonymous_38)
FNDA:0,FlagComponent
FNDA:0,getFlagnumber
FNDA:0,(anonymous_41)
FNDA:0,GameWindow
FNDA:0,update
FNDA:0,toString
FNDA:0,resize
FNDA:0,close
FNDA:0,get$$1
FNDA:0,get$$1
FNDA:0,get$$1
FNDA:0,refresh
FNDA:0,start
FNDA:0,shutdown
FNDA:0,get$$1
FNDA:0,get$$1
FNDA:0,set$$1
FNDA:0,EventHandlers
FNDA:0,EventEmitter
FNDA:0,(anonymous_58)
FNDA:0,setMaxListeners
FNDA:0,$getMaxListeners
FNDA:0,getMaxListeners
FNDA:0,emitNone
FNDA:0,emitOne
FNDA:0,emitTwo
FNDA:0,emitThree
FNDA:0,emitMany
FNDA:0,emit
FNDA:0,_addListener
FNDA:0,emitWarning
FNDA:0,addListener
FNDA:0,prependListener
FNDA:0,_onceWrap
FNDA:0,g
FNDA:0,once
FNDA:0,prependOnceListener
FNDA:0,removeListener
FNDA:0,removeAllListeners
FNDA:0,listeners
FNDA:0,(anonymous_79)
FNDA:0,listenerCount
FNDA:0,eventNames
FNDA:0,spliceOne
FNDA:0,arrayClone
FNDA:0,unwrapListeners
FNDA:0,(anonymous_85)
FNDA:0,MessageSystem
FNDA:0,sendMessage
FNDA:0,allListenersCount
FNDA:0,(anonymous_89)
FNDA:0,(anonymous_90)
FNDA:0,(anonymous_91)
FNDA:0,Message
FNDA:0,get$$1
FNDA:0,get$$1
FNDA:0,(anonymous_95)
FNDA:0,TestMessage
FNDA:0,(anonymous_97)
FNDA:0,EntityMessage
FNDA:0,(anonymous_99)
FNDA:0,ErrorSystemMessage
FNDA:0,(anonymous_101)
FNDA:0,IOSystemMessage
FNDA:0,(anonymous_103)
FNDA:0,PhysicsSystemMessage
FNDA:0,(anonymous_105)
FNDA:0,RenderSystemMessage
FNDA:0,(anonymous_107)
FNDA:0,SoundSystemMessage
FNDA:0,(anonymous_109)
FNDA:0,KeyInputMessage
FNDA:0,(anonymous_111)
FNDA:0,MouseInputMessage
FNDA:0,(anonymous_113)
FNDA:0,TouchInputMessage
FNDA:0,(anonymous_115)
FNDA:0,EngineArguments
FNDA:0,(anonymous_117)
FNDA:0,Engine
FNDA:0,frame
FNDA:0,update
FNDA:0,setEngineArguments
FNDA:0,timestamp
FNDA:0,get$$1
FNDA:0,get$$1
FNDA:0,get$$1
FNDA:0,start
FNDA:0,stop
FNDA:0,play
FNDA:0,pause
FNDA:0,shutdown
FNDA:0,get$$1
FNDA:0,get$$1
FNDA:0,get$$1
FNDA:0,get$$1
FNDA:0,get$$1
FNDA:0,get$$1
FNDA:0,get$$1
FNDA:0,(anonymous_138)
FNDA:0,Scene
FNDA:0,start
FNDA:0,restart
FNDA:0,stop
FNDA:0,(anonymous_143)
FNDA:0,MessageReceiverComponent
FNDA:0,sendMessage
FNDA:0,(anonymous_146)
FNDA:0,RenderComponent
FNDA:0,(anonymous_148)
FNDA:0,SoundComponent
DA:3,0
DA:5,0
DA:6,0
DA:7,0
DA:11,0
DA:13,0
DA:14,0
DA:15,0
DA:16,0
DA:17,0
DA:18,0
DA:22,0
DA:23,0
DA:24,0
DA:25,0
DA:29,0
DA:30,0
DA:31,0
DA:34,0
DA:42,0
DA:45,0
DA:46,0
DA:47,0
DA:50,0
DA:58,0
DA:60,0
DA:61,0
DA:63,0
DA:64,0
DA:67,0
DA:70,0
DA:75,0
DA:78,0
DA:81,0
DA:82,0
DA:85,0
DA:86,0
DA:87,0
DA:90,0
DA:93,0
DA:94,0
DA:95,0
DA:96,0
DA:97,0
DA:98,0
DA:99,0
DA:100,0
DA:101,0
DA:102,0
DA:103,0
DA:104,0
DA:105,0
DA:106,0
DA:107,0
DA:108,0
DA:109,0
DA:110,0
DA:111,0
DA:119,0
DA:120,0
DA:130,0
DA:132,0
DA:133,0
DA:141,0
DA:143,0
DA:144,0
DA:157,0
DA:158,0
DA:198,0
DA:199,0
DA:200,0
DA:201,0
DA:203,0
DA:204,0
DA:205,0
DA:206,0
DA:213,0
DA:214,0
DA:229,0
DA:230,0
DA:231,0
DA:232,0
DA:233,0
DA:235,0
DA:237,0
DA:238,0
DA:239,0
DA:240,0
DA:241,0
DA:242,0
DA:243,0
DA:251,0
DA:259,0
DA:269,0
DA:280,0
DA:281,0
DA:282,0
DA:284,0
DA:297,0
DA:299,0
DA:300,0
DA:323,0
DA:324,0
DA:326,0
DA:337,0
DA:338,0
DA:339,0
DA:341,0
DA:342,0
DA:343,0
DA:345,0
DA:349,0
DA:350,0
DA:352,0
DA:353,0
DA:354,0
DA:357,0
DA:358,0
DA:372,0
DA:373,0
DA:375,0
DA:386,0
DA:387,0
DA:389,0
DA:402,0
DA:403,0
DA:405,0
DA:406,0
DA:408,0
DA:409,0
DA:420,0
DA:431,0
DA:432,0
DA:434,0
DA:435,0
DA:437,0
DA:438,0
DA:449,0
DA:450,0
DA:451,0
DA:456,0
DA:457,0
DA:459,0
DA:461,0
DA:465,0
DA:468,0
DA:469,0
DA:472,0
DA:473,0
DA:475,0
DA:477,0
DA:478,0
DA:479,0
DA:480,0
DA:483,0
DA:486,0
DA:489,0
DA:491,0
DA:492,0
DA:494,0
DA:496,0
DA:498,0
DA:499,0
DA:500,0
DA:501,0
DA:503,0
DA:511,0
DA:515,0
DA:520,0
DA:527,0
DA:532,0
DA:537,0
DA:542,0
DA:547,0
DA:555,0
DA:556,0
DA:566,0
DA:571,0
DA:576,0
DA:579,0
DA:580,0
DA:581,0
DA:582,0
DA:583,0
DA:585,0
DA:589,0
DA:591,0
DA:592,0
DA:600,0
DA:603,0
DA:608,0
DA:610,0
DA:612,0
DA:613,0
DA:614,0
DA:618,0
DA:620,0
DA:621,0
DA:622,0
DA:624,0
DA:627,0
DA:628,0
DA:629,0
DA:632,0
DA:637,0
DA:638,0
DA:639,0
DA:640,0
DA:644,0
DA:645,0
DA:648,0
DA:649,0
DA:658,0
DA:659,0
DA:660,0
DA:661,0
DA:662,0
DA:667,0
DA:668,0
DA:669,0
DA:670,0
DA:671,0
DA:676,0
DA:677,0
DA:678,0
DA:679,0
DA:680,0
DA:685,0
DA:686,0
DA:687,0
DA:688,0
DA:689,0
DA:695,0
DA:696,0
DA:697,0
DA:698,0
DA:699,0
DA:704,0
DA:706,0
DA:708,0
DA:709,0
DA:711,0
DA:714,0
DA:715,0
DA:716,0
DA:717,0
DA:718,0
DA:719,0
DA:720,0
DA:721,0
DA:722,0
DA:723,0
DA:726,0
DA:727,0
DA:728,0
DA:730,0
DA:733,0
DA:735,0
DA:737,0
DA:738,0
DA:739,0
DA:742,0
DA:743,0
DA:745,0
DA:746,0
DA:748,0
DA:749,0
DA:751,0
DA:752,0
DA:755,0
DA:756,0
DA:757,0
DA:758,0
DA:761,0
DA:769,0
DA:771,0
DA:772,0
DA:773,0
DA:774,0
DA:778,0
DA:779,0
DA:783,0
DA:785,0
DA:788,0
DA:790,0
DA:791,0
DA:793,0
DA:795,0
DA:798,0
DA:799,0
DA:801,0
DA:806,0
DA:807,0
DA:808,0
DA:809,0
DA:810,0
DA:811,0
DA:812,0
DA:813,0
DA:814,0
DA:815,0
DA:820,0
DA:823,0
DA:825,0
DA:826,0
DA:829,0
DA:831,0
DA:832,0
DA:836,0
DA:838,0
DA:839,0
DA:840,0
DA:841,0
DA:844,0
DA:845,0
DA:848,0
DA:849,0
DA:850,0
DA:851,0
DA:854,0
DA:855,0
DA:856,0
DA:857,0
DA:861,0
DA:864,0
DA:866,0
DA:867,0
DA:869,0
DA:870,0
DA:872,0
DA:873,0
DA:874,0
DA:875,0
DA:877,0
DA:878,0
DA:880,0
DA:881,0
DA:882,0
DA:883,0
DA:884,0
DA:888,0
DA:890,0
DA:891,0
DA:892,0
DA:893,0
DA:894,0
DA:896,0
DA:899,0
DA:902,0
DA:905,0
DA:908,0
DA:911,0
DA:912,0
DA:915,0
DA:916,0
DA:917,0
DA:918,0
DA:919,0
DA:920,0
DA:922,0
DA:926,0
DA:927,0
DA:928,0
DA:929,0
DA:930,0
DA:931,0
DA:933,0
DA:934,0
DA:935,0
DA:936,0
DA:939,0
DA:941,0
DA:942,0
DA:943,0
DA:945,0
DA:946,0
DA:950,0
DA:953,0
DA:956,0
DA:958,0
DA:959,0
DA:960,0
DA:963,0
DA:966,0
DA:967,0
DA:968,0
DA:970,0
DA:974,0
DA:976,0
DA:978,0
DA:979,0
DA:981,0
DA:982,0
DA:983,0
DA:984,0
DA:988,0
DA:991,0
DA:992,0
DA:997,0
DA:998,0
DA:999,0
DA:1003,0
DA:1004,0
DA:1005,0
DA:1006,0
DA:1010,0
DA:1011,0
DA:1012,0
DA:1014,0
DA:1020,0
DA:1021,0
DA:1027,0
DA:1028,0
DA:1039,0
DA:1042,0
DA:1052,0
DA:1054,0
DA:1055,0
DA:1056,0
DA:1057,0
DA:1059,0
DA:1062,0
DA:1064,0
DA:1065,0
DA:1066,0
DA:1067,0
DA:1068,0
DA:1069,0
DA:1070,0
DA:1071,0
DA:1072,0
DA:1073,0
DA:1098,0
DA:1108,0
DA:1110,0
DA:1111,0
DA:1119,0
DA:1122,0
DA:1132,0
DA:1135,0
DA:1140,0
DA:1141,0
DA:1144,0
DA:1146,0
DA:1148,0
DA:1149,0
DA:1150,0
DA:1153,0
DA:1165,0
DA:1166,0
DA:1169,0
DA:1170,0
DA:1173,0
DA:1179,0
DA:1180,0
DA:1183,0
DA:1185,0
DA:1187,0
DA:1188,0
DA:1189,0
DA:1190,0
DA:1191,0
DA:1194,0
DA:1200,0
DA:1201,0
DA:1204,0
DA:1205,0
DA:1208,0
DA:1214,0
DA:1215,0
DA:1218,0
DA:1219,0
DA:1222,0
DA:1228,0
DA:1229,0
DA:1232,0
DA:1234,0
DA:1236,0
DA:1237,0
DA:1238,0
DA:1241,0
DA:1247,0
DA:1248,0
DA:1251,0
DA:1252,0
DA:1255,0
DA:1264,0
DA:1265,0
DA:1268,0
DA:1270,0
DA:1272,0
DA:1273,0
DA:1274,0
DA:1277,0
DA:1282,0
DA:1283,0
DA:1286,0
DA:1288,0
DA:1290,0
DA:1291,0
DA:1292,0
DA:1293,0
DA:1294,0
DA:1297,0
DA:1302,0
DA:1303,0
DA:1306,0
DA:1308,0
DA:1310,0
DA:1311,0
DA:1312,0
DA:1313,0
DA:1314,0
DA:1317,0
DA:1321,0
DA:1322,0
DA:1323,0
DA:1324,0
DA:1337,0
DA:1338,0
DA:1339,0
DA:1340,0
DA:1341,0
DA:1342,0
DA:1343,0
DA:1344,0
DA:1346,0
DA:1347,0
DA:1348,0
DA:1349,0
DA:1350,0
DA:1351,0
DA:1352,0
DA:1353,0
DA:1354,0
DA:1355,0
DA:1356,0
DA:1357,0
DA:1362,0
DA:1367,0
DA:1369,0
DA:1370,0
DA:1371,0
DA:1372,0
DA:1373,0
DA:1374,0
DA:1375,0
DA:1376,0
DA:1377,0
DA:1378,0
DA:1379,0
DA:1380,0
DA:1381,0
DA:1382,0
DA:1384,0
DA:1385,0
DA:1386,0
DA:1388,0
DA:1389,0
DA:1390,0
DA:1392,0
DA:1394,0
DA:1395,0
DA:1397,0
DA:1398,0
DA:1399,0
DA:1403,0
DA:1404,0
DA:1406,0
DA:1407,0
DA:1410,0
DA:1418,0
DA:1419,0
DA:1421,0
DA:1422,0
DA:1424,0
DA:1425,0
DA:1426,0
DA:1427,0
DA:1428,0
DA:1430,0
DA:1442,0
DA:1461,0
DA:1462,0
DA:1467,0
DA:1477,0
DA:1487,0
DA:1497,0
DA:1498,0
DA:1499,0
DA:1512,0
DA:1513,0
DA:1514,0
DA:1515,0
DA:1516,0
DA:1517,0
DA:1518,0
DA:1530,0
DA:1540,0
DA:1541,0
DA:1543,0
DA:1544,0
DA:1545,0
DA:1555,0
DA:1566,0
DA:1567,0
DA:1568,0
DA:1569,0
DA:1570,0
DA:1571,0
DA:1573,0
DA:1578,0
DA:1579,0
DA:1581,0
DA:1582,0
DA:1592,0
DA:1602,0
DA:1612,0
DA:1617,0
DA:1627,0
DA:1637,0
DA:1640,0
DA:1642,0
DA:1643,0
DA:1644,0
DA:1645,0
DA:1647,0
DA:1649,0
DA:1651,0
DA:1652,0
DA:1654,0
DA:1661,0
DA:1671,0
DA:1674,0
DA:1675,0
DA:1678,0
DA:1680,0
DA:1682,0
DA:1683,0
DA:1684,0
DA:1687,0
DA:1690,0
DA:1693,0
DA:1696,0
DA:1697,0
DA:1700,0
DA:1701,0
DA:1704,0
DA:1707,0
DA:1708,0
DA:1711,0
DA:1712,0
DA:1713,0
DA:1716,0
DA:1719,0
DA:1720,0
DA:1721,0
DA:1722,0
DA:1723,0
DA:1724,0
DA:1725,0
DA:1726,0
DA:1727,0
DA:1728,0
DA:1729,0
DA:1730,0
DA:1731,0
DA:1732,0
DA:1733,0
DA:1734,0
DA:1735,0
DA:1736,0
DA:1737,0
DA:1738,0
DA:1739,0
DA:1740,0
DA:1741,0
DA:1742,0
DA:1743,0
DA:1744,0
DA:1745,0
DA:1746,0
LF:682
LH:0
BRDA:6,0,0,0
BRDA:6,0,1,0
BRDA:15,1,0,0
BRDA:15,1,1,0
BRDA:17,2,0,0
BRDA:17,2,1,0
BRDA:23,3,0,0
BRDA:23,3,1,0
BRDA:24,4,0,0
BRDA:24,4,1,0
BRDA:30,5,0,0
BRDA:30,5,1,0
BRDA:30,6,0,0
BRDA:30,6,1,0
BRDA:34,7,0,0
BRDA:34,7,1,0
BRDA:42,8,0,0
BRDA:42,8,1,0
BRDA:42,9,0,0
BRDA:42,9,1,0
BRDA:46,10,0,0
BRDA:46,10,1,0
BRDA:50,11,0,0
BRDA:50,11,1,0
BRDA:50,12,0,0
BRDA:50,12,1,0
BRDA:50,12,2,0
BRDA:60,13,0,0
BRDA:60,13,1,0
BRDA:60,14,0,0
BRDA:60,14,1,0
BRDA:85,15,0,0
BRDA:85,15,1,0
BRDA:85,16,0,0
BRDA:85,16,1,0
BRDA:87,17,0,0
BRDA:87,17,1,0
BRDA:112,18,0,0
BRDA:112,18,1,0
BRDA:130,19,0,0
BRDA:130,19,1,0
BRDA:130,20,0,0
BRDA:130,20,1,0
BRDA:141,21,0,0
BRDA:141,21,1,0
BRDA:141,22,0,0
BRDA:141,22,1,0
BRDA:199,23,0,0
BRDA:199,23,1,0
BRDA:199,24,0,0
BRDA:199,24,1,0
BRDA:200,25,0,0
BRDA:200,25,1,0
BRDA:200,26,0,0
BRDA:200,26,1,0
BRDA:229,27,0,0
BRDA:229,27,1,0
BRDA:229,28,0,0
BRDA:229,28,1,0
BRDA:230,29,0,0
BRDA:230,29,1,0
BRDA:230,30,0,0
BRDA:230,30,1,0
BRDA:231,31,0,0
BRDA:231,31,1,0
BRDA:231,32,0,0
BRDA:231,32,1,0
BRDA:232,33,0,0
BRDA:232,33,1,0
BRDA:232,34,0,0
BRDA:232,34,1,0
BRDA:235,35,0,0
BRDA:235,35,1,0
BRDA:280,36,0,0
BRDA:280,36,1,0
BRDA:323,37,0,0
BRDA:323,37,1,0
BRDA:353,38,0,0
BRDA:353,38,1,0
BRDA:353,39,0,0
BRDA:353,39,1,0
BRDA:357,40,0,0
BRDA:357,40,1,0
BRDA:375,41,0,0
BRDA:375,41,1,0
BRDA:389,42,0,0
BRDA:389,42,1,0
BRDA:405,43,0,0
BRDA:405,43,1,0
BRDA:434,44,0,0
BRDA:434,44,1,0
BRDA:456,45,0,0
BRDA:456,45,1,0
BRDA:472,46,0,0
BRDA:472,46,1,0
BRDA:472,47,0,0
BRDA:472,47,1,0
BRDA:475,48,0,0
BRDA:475,48,1,0
BRDA:498,49,0,0
BRDA:498,49,1,0
BRDA:580,50,0,0
BRDA:580,50,1,0
BRDA:582,51,0,0
BRDA:582,51,1,0
BRDA:622,52,0,0
BRDA:622,52,1,0
BRDA:624,53,0,0
BRDA:624,53,1,0
BRDA:627,54,0,0
BRDA:627,54,1,0
BRDA:627,55,0,0
BRDA:627,55,1,0
BRDA:632,56,0,0
BRDA:632,56,1,0
BRDA:638,57,0,0
BRDA:638,57,1,0
BRDA:638,58,0,0
BRDA:638,58,1,0
BRDA:638,58,2,0
BRDA:644,59,0,0
BRDA:644,59,1,0
BRDA:658,60,0,0
BRDA:658,60,1,0
BRDA:667,61,0,0
BRDA:667,61,1,0
BRDA:676,62,0,0
BRDA:676,62,1,0
BRDA:685,63,0,0
BRDA:685,63,1,0
BRDA:695,64,0,0
BRDA:695,64,1,0
BRDA:709,65,0,0
BRDA:709,65,1,0
BRDA:709,66,0,0
BRDA:709,66,1,0
BRDA:709,67,0,0
BRDA:709,67,1,0
BRDA:714,68,0,0
BRDA:714,68,1,0
BRDA:716,69,0,0
BRDA:716,69,1,0
BRDA:717,70,0,0
BRDA:717,70,1,0
BRDA:722,71,0,0
BRDA:722,71,1,0
BRDA:735,72,0,0
BRDA:735,72,1,0
BRDA:739,73,0,0
BRDA:739,73,1,0
BRDA:739,73,2,0
BRDA:739,73,3,0
BRDA:739,73,4,0
BRDA:769,74,0,0
BRDA:769,74,1,0
BRDA:772,75,0,0
BRDA:772,75,1,0
BRDA:778,76,0,0
BRDA:778,76,1,0
BRDA:779,77,0,0
BRDA:779,77,1,0
BRDA:788,78,0,0
BRDA:788,78,1,0
BRDA:793,79,0,0
BRDA:793,79,1,0
BRDA:795,80,0,0
BRDA:795,80,1,0
BRDA:798,81,0,0
BRDA:798,81,1,0
BRDA:806,82,0,0
BRDA:806,82,1,0
BRDA:808,83,0,0
BRDA:808,83,1,0
BRDA:808,84,0,0
BRDA:808,84,1,0
BRDA:808,84,2,0
BRDA:823,85,0,0
BRDA:823,85,1,0
BRDA:839,86,0,0
BRDA:839,86,1,0
BRDA:849,87,0,0
BRDA:849,87,1,0
BRDA:855,88,0,0
BRDA:855,88,1,0
BRDA:864,89,0,0
BRDA:864,89,1,0
BRDA:867,90,0,0
BRDA:867,90,1,0
BRDA:870,91,0,0
BRDA:870,91,1,0
BRDA:872,92,0,0
BRDA:872,92,1,0
BRDA:872,93,0,0
BRDA:872,93,1,0
BRDA:872,93,2,0
BRDA:873,94,0,0
BRDA:873,94,1,0
BRDA:875,95,0,0
BRDA:875,95,1,0
BRDA:875,96,0,0
BRDA:875,96,1,0
BRDA:877,97,0,0
BRDA:877,97,1,0
BRDA:881,98,0,0
BRDA:881,98,1,0
BRDA:881,99,0,0
BRDA:881,99,1,0
BRDA:881,99,2,0
BRDA:888,100,0,0
BRDA:888,100,1,0
BRDA:890,101,0,0
BRDA:890,101,1,0
BRDA:892,102,0,0
BRDA:892,102,1,0
BRDA:902,103,0,0
BRDA:902,103,1,0
BRDA:902,104,0,0
BRDA:902,104,1,0
BRDA:912,105,0,0
BRDA:912,105,1,0
BRDA:915,106,0,0
BRDA:915,106,1,0
BRDA:916,107,0,0
BRDA:916,107,1,0
BRDA:919,108,0,0
BRDA:919,108,1,0
BRDA:920,109,0,0
BRDA:920,109,1,0
BRDA:926,110,0,0
BRDA:926,110,1,0
BRDA:930,111,0,0
BRDA:930,111,1,0
BRDA:941,112,0,0
BRDA:941,112,1,0
BRDA:943,113,0,0
BRDA:943,113,1,0
BRDA:958,114,0,0
BRDA:958,114,1,0
BRDA:960,115,0,0
BRDA:960,115,1,0
BRDA:960,116,0,0
BRDA:960,116,1,0
BRDA:960,117,0,0
BRDA:960,117,1,0
BRDA:967,118,0,0
BRDA:967,118,1,0
BRDA:978,119,0,0
BRDA:978,119,1,0
BRDA:981,120,0,0
BRDA:981,120,1,0
BRDA:983,121,0,0
BRDA:983,121,1,0
BRDA:992,122,0,0
BRDA:992,122,1,0
BRDA:1012,123,0,0
BRDA:1012,123,1,0
BRDA:1028,124,0,0
BRDA:1028,124,1,0
BRDA:1074,125,0,0
BRDA:1074,125,1,0
BRDA:1146,126,0,0
BRDA:1146,126,1,0
BRDA:1170,127,0,0
BRDA:1170,127,1,0
BRDA:1185,128,0,0
BRDA:1185,128,1,0
BRDA:1205,129,0,0
BRDA:1205,129,1,0
BRDA:1219,130,0,0
BRDA:1219,130,1,0
BRDA:1234,131,0,0
BRDA:1234,131,1,0
BRDA:1252,132,0,0
BRDA:1252,132,1,0
BRDA:1270,133,0,0
BRDA:1270,133,1,0
BRDA:1288,134,0,0
BRDA:1288,134,1,0
BRDA:1308,135,0,0
BRDA:1308,135,1,0
BRDA:1325,136,0,0
BRDA:1325,136,1,0
BRDA:1338,137,0,0
BRDA:1338,137,1,0
BRDA:1338,138,0,0
BRDA:1338,138,1,0
BRDA:1339,139,0,0
BRDA:1339,139,1,0
BRDA:1339,140,0,0
BRDA:1339,140,1,0
BRDA:1340,141,0,0
BRDA:1340,141,1,0
BRDA:1340,142,0,0
BRDA:1340,142,1,0
BRDA:1341,143,0,0
BRDA:1341,143,1,0
BRDA:1341,144,0,0
BRDA:1341,144,1,0
BRDA:1342,145,0,0
BRDA:1342,145,1,0
BRDA:1342,146,0,0
BRDA:1342,146,1,0
BRDA:1343,147,0,0
BRDA:1343,147,1,0
BRDA:1343,148,0,0
BRDA:1343,148,1,0
BRDA:1380,149,0,0
BRDA:1380,149,1,0
BRDA:1384,150,0,0
BRDA:1384,150,1,0
BRDA:1388,151,0,0
BRDA:1388,151,1,0
BRDA:1395,152,0,0
BRDA:1395,152,1,0
BRDA:1398,153,0,0
BRDA:1398,153,1,0
BRDA:1398,154,0,0
BRDA:1398,154,1,0
BRDA:1398,154,2,0
BRDA:1403,155,0,0
BRDA:1403,155,1,0
BRDA:1403,156,0,0
BRDA:1403,156,1,0
BRDA:1404,157,0,0
BRDA:1404,157,1,0
BRDA:1418,158,0,0
BRDA:1418,158,1,0
BRDA:1422,159,0,0
BRDA:1422,159,1,0
BRDA:1497,160,0,0
BRDA:1497,160,1,0
BRDA:1540,161,0,0
BRDA:1540,161,1,0
BRDA:1540,162,0,0
BRDA:1540,162,1,0
BRDA:1568,163,0,0
BRDA:1568,163,1,0
BRDA:1578,164,0,0
BRDA:1578,164,1,0
BRDA:1651,165,0,0
BRDA:1651,165,1,0
BRDA:1680,166,0,0
BRDA:1680,166,1,0
BRDA:1701,167,0,0
BRDA:1701,167,1,0
BRDA:1711,168,0,0
BRDA:1711,168,1,0
BRDA:1711,169,0,0
BRDA:1711,169,1,0
BRDA:1713,170,0,0
BRDA:1713,170,1,0
BRF:351
BRH:0
end_of_record
TN:
SF:/Users/Spencer/Documents/git/divine-engine/lib/divine.module.js
FN:1,(anonymous_0)
FN:5,(anonymous_1)
FN:7,(anonymous_2)
FN:13,(anonymous_3)
FN:14,defineProperties
FN:24,(anonymous_5)
FN:31,(anonymous_6)
FN:47,(anonymous_7)
FN:60,(anonymous_8)
FN:61,DObject
FN:71,createID
FN:76,get$$1
FN:83,(anonymous_12)
FN:86,Component
FN:95,(anonymous_14)
FN:120,Log
FN:131,LogError
FN:142,LogInfo
FN:158,LogDebug
FN:200,Transform
FN:215,(anonymous_20)
FN:230,Entity
FN:260,setParent
FN:270,removeParent
FN:281,addChild
FN:298,addChildren
FN:301,(anonymous_26)
FN:315,addComponent
FN:338,addComponents
FN:373,hasChild
FN:374,(anonymous_30)
FN:387,hasComponent
FN:388,(anonymous_32)
FN:403,getChild
FN:404,(anonymous_34)
FN:421,getChildren
FN:432,getComponent
FN:433,(anonymous_37)
FN:450,toString
FN:457,get$$1
FN:470,(anonymous_40)
FN:473,FlagComponent
FN:487,getFlagnumber
FN:496,(anonymous_43)
FN:497,GameWindow
FN:515,update
FN:521,toString
FN:528,resize
FN:533,close
FN:538,get$$1
FN:543,get$$1
FN:548,get$$1
FN:553,refresh
FN:556,start
FN:567,shutdown
FN:572,get$$1
FN:577,get$$1
FN:580,set$$1
FN:601,EventHandlers
FN:604,EventEmitter
FN:622,(anonymous_60)
FN:639,setMaxListeners
FN:645,$getMaxListeners
FN:650,getMaxListeners
FN:659,emitNone
FN:668,emitOne
FN:677,emitTwo
FN:686,emitThree
FN:696,emitMany
FN:706,emit
FN:766,_addListener
FN:824,emitWarning
FN:827,addListener
FN:833,prependListener
FN:837,_onceWrap
FN:839,g
FN:850,once
FN:856,prependOnceListener
FN:863,removeListener
FN:910,removeAllListeners
FN:955,listeners
FN:968,(anonymous_81)
FN:977,listenerCount
FN:993,eventNames
FN:998,spliceOne
FN:1004,arrayClone
FN:1011,unwrapListeners
FN:1022,(anonymous_87)
FN:1028,MessageSystem
FN:1043,sendMessage
FN:1053,allListenersCount
FN:1058,(anonymous_91)
FN:1066,(anonymous_92)
FN:1100,(anonymous_93)
FN:1109,Message
FN:1123,get$$1
FN:1133,get$$1
FN:1142,(anonymous_97)
FN:1145,TestMessage
FN:1167,(anonymous_99)
FN:1170,EntityMessage
FN:1181,(anonymous_101)
FN:1184,ErrorSystemMessage
FN:1202,(anonymous_103)
FN:1205,IOSystemMessage
FN:1216,(anonymous_105)
FN:1219,PhysicsSystemMessage
FN:1230,(anonymous_107)
FN:1233,RenderSystemMessage
FN:1249,(anonymous_109)
FN:1252,SoundSystemMessage
FN:1266,(anonymous_111)
FN:1269,KeyInputMessage
FN:1284,(anonymous_113)
FN:1287,MouseInputMessage
FN:1304,(anonymous_115)
FN:1307,TouchInputMessage
FN:1323,(anonymous_117)
FN:1339,EngineArguments
FN:1364,(anonymous_119)
FN:1368,Engine
FN:1419,frame
FN:1443,update
FN:1462,setEngineArguments
FN:1468,timestamp
FN:1478,get$$1
FN:1488,get$$1
FN:1498,get$$1
FN:1513,start
FN:1531,stop
FN:1541,play
FN:1556,pause
FN:1567,shutdown
FN:1579,get$$1
FN:1593,get$$1
FN:1603,get$$1
FN:1613,get$$1
FN:1618,get$$1
FN:1628,get$$1
FN:1638,get$$1
FN:1649,(anonymous_140)
FN:1650,Scene
FN:1665,start
FN:1668,restart
FN:1671,stop
FN:1676,(anonymous_145)
FN:1679,MessageReceiverComponent
FN:1691,sendMessage
FN:1698,(anonymous_148)
FN:1701,RenderComponent
FN:1709,(anonymous_150)
FN:1712,SoundComponent
FNF:152
FNH:0
FNDA:0,(anonymous_0)
FNDA:0,(anonymous_1)
FNDA:0,(anonymous_2)
FNDA:0,(anonymous_3)
FNDA:0,defineProperties
FNDA:0,(anonymous_5)
FNDA:0,(anonymous_6)
FNDA:0,(anonymous_7)
FNDA:0,(anonymous_8)
FNDA:0,DObject
FNDA:0,createID
FNDA:0,get$$1
FNDA:0,(anonymous_12)
FNDA:0,Component
FNDA:0,(anonymous_14)
FNDA:0,Log
FNDA:0,LogError
FNDA:0,LogInfo
FNDA:0,LogDebug
FNDA:0,Transform
FNDA:0,(anonymous_20)
FNDA:0,Entity
FNDA:0,setParent
FNDA:0,removeParent
FNDA:0,addChild
FNDA:0,addChildren
FNDA:0,(anonymous_26)
FNDA:0,addComponent
FNDA:0,addComponents
FNDA:0,hasChild
FNDA:0,(anonymous_30)
FNDA:0,hasComponent
FNDA:0,(anonymous_32)
FNDA:0,getChild
FNDA:0,(anonymous_34)
FNDA:0,getChildren
FNDA:0,getComponent
FNDA:0,(anonymous_37)
FNDA:0,toString
FNDA:0,get$$1
FNDA:0,(anonymous_40)
FNDA:0,FlagComponent
FNDA:0,getFlagnumber
FNDA:0,(anonymous_43)
FNDA:0,GameWindow
FNDA:0,update
FNDA:0,toString
FNDA:0,resize
FNDA:0,close
FNDA:0,get$$1
FNDA:0,get$$1
FNDA:0,get$$1
FNDA:0,refresh
FNDA:0,start
FNDA:0,shutdown
FNDA:0,get$$1
FNDA:0,get$$1
FNDA:0,set$$1
FNDA:0,EventHandlers
FNDA:0,EventEmitter
FNDA:0,(anonymous_60)
FNDA:0,setMaxListeners
FNDA:0,$getMaxListeners
FNDA:0,getMaxListeners
FNDA:0,emitNone
FNDA:0,emitOne
FNDA:0,emitTwo
FNDA:0,emitThree
FNDA:0,emitMany
FNDA:0,emit
FNDA:0,_addListener
FNDA:0,emitWarning
FNDA:0,addListener
FNDA:0,prependListener
FNDA:0,_onceWrap
FNDA:0,g
FNDA:0,once
FNDA:0,prependOnceListener
FNDA:0,removeListener
FNDA:0,removeAllListeners
FNDA:0,listeners
FNDA:0,(anonymous_81)
FNDA:0,listenerCount
FNDA:0,eventNames
FNDA:0,spliceOne
FNDA:0,arrayClone
FNDA:0,unwrapListeners
FNDA:0,(anonymous_87)
FNDA:0,MessageSystem
FNDA:0,sendMessage
FNDA:0,allListenersCount
FNDA:0,(anonymous_91)
FNDA:0,(anonymous_92)
FNDA:0,(anonymous_93)
FNDA:0,Message
FNDA:0,get$$1
FNDA:0,get$$1
FNDA:0,(anonymous_97)
FNDA:0,TestMessage
FNDA:0,(anonymous_99)
FNDA:0,EntityMessage
FNDA:0,(anonymous_101)
FNDA:0,ErrorSystemMessage
FNDA:0,(anonymous_103)
FNDA:0,IOSystemMessage
FNDA:0,(anonymous_105)
FNDA:0,PhysicsSystemMessage
FNDA:0,(anonymous_107)
FNDA:0,RenderSystemMessage
FNDA:0,(anonymous_109)
FNDA:0,SoundSystemMessage
FNDA:0,(anonymous_111)
FNDA:0,KeyInputMessage
FNDA:0,(anonymous_113)
FNDA:0,MouseInputMessage
FNDA:0,(anonymous_115)
FNDA:0,TouchInputMessage
FNDA:0,(anonymous_117)
FNDA:0,EngineArguments
FNDA:0,(anonymous_119)
FNDA:0,Engine
FNDA:0,frame
FNDA:0,update
FNDA:0,setEngineArguments
FNDA:0,timestamp
FNDA:0,get$$1
FNDA:0,get$$1
FNDA:0,get$$1
FNDA:0,start
FNDA:0,stop
FNDA:0,play
FNDA:0,pause
FNDA:0,shutdown
FNDA:0,get$$1
FNDA:0,get$$1
FNDA:0,get$$1
FNDA:0,get$$1
FNDA:0,get$$1
FNDA:0,get$$1
FNDA:0,get$$1
FNDA:0,(anonymous_140)
FNDA:0,Scene
FNDA:0,start
FNDA:0,restart
FNDA:0,stop
FNDA:0,(anonymous_145)
FNDA:0,MessageReceiverComponent
FNDA:0,sendMessage
FNDA:0,(anonymous_148)
FNDA:0,RenderComponent
FNDA:0,(anonymous_150)
FNDA:0,SoundComponent
DA:1,0
DA:2,0
DA:7,0
DA:8,0
DA:9,0
DA:13,0
DA:15,0
DA:16,0
DA:17,0
DA:18,0
DA:19,0
DA:20,0
DA:24,0
DA:25,0
DA:26,0
DA:27,0
DA:31,0
DA:32,0
DA:33,0
DA:36,0
DA:44,0
DA:47,0
DA:48,0
DA:49,0
DA:52,0
DA:60,0
DA:62,0
DA:63,0
DA:65,0
DA:66,0
DA:69,0
DA:72,0
DA:77,0
DA:80,0
DA:83,0
DA:84,0
DA:87,0
DA:88,0
DA:89,0
DA:92,0
DA:95,0
DA:96,0
DA:97,0
DA:98,0
DA:99,0
DA:100,0
DA:101,0
DA:102,0
DA:103,0
DA:104,0
DA:105,0
DA:106,0
DA:107,0
DA:108,0
DA:109,0
DA:110,0
DA:111,0
DA:112,0
DA:113,0
DA:121,0
DA:122,0
DA:132,0
DA:134,0
DA:135,0
DA:143,0
DA:145,0
DA:146,0
DA:159,0
DA:160,0
DA:200,0
DA:201,0
DA:202,0
DA:203,0
DA:205,0
DA:206,0
DA:207,0
DA:208,0
DA:215,0
DA:216,0
DA:231,0
DA:232,0
DA:233,0
DA:234,0
DA:235,0
DA:237,0
DA:239,0
DA:240,0
DA:241,0
DA:242,0
DA:243,0
DA:244,0
DA:245,0
DA:253,0
DA:261,0
DA:271,0
DA:282,0
DA:283,0
DA:284,0
DA:286,0
DA:299,0
DA:301,0
DA:302,0
DA:325,0
DA:326,0
DA:328,0
DA:339,0
DA:340,0
DA:341,0
DA:343,0
DA:344,0
DA:345,0
DA:347,0
DA:351,0
DA:352,0
DA:354,0
DA:355,0
DA:356,0
DA:359,0
DA:360,0
DA:374,0
DA:375,0
DA:377,0
DA:388,0
DA:389,0
DA:391,0
DA:404,0
DA:405,0
DA:407,0
DA:408,0
DA:410,0
DA:411,0
DA:422,0
DA:433,0
DA:434,0
DA:436,0
DA:437,0
DA:439,0
DA:440,0
DA:451,0
DA:452,0
DA:453,0
DA:458,0
DA:459,0
DA:461,0
DA:463,0
DA:467,0
DA:470,0
DA:471,0
DA:474,0
DA:475,0
DA:477,0
DA:479,0
DA:480,0
DA:481,0
DA:482,0
DA:485,0
DA:488,0
DA:491,0
DA:493,0
DA:494,0
DA:496,0
DA:498,0
DA:500,0
DA:501,0
DA:502,0
DA:503,0
DA:505,0
DA:513,0
DA:517,0
DA:522,0
DA:529,0
DA:534,0
DA:539,0
DA:544,0
DA:549,0
DA:557,0
DA:558,0
DA:568,0
DA:573,0
DA:578,0
DA:581,0
DA:582,0
DA:583,0
DA:584,0
DA:585,0
DA:587,0
DA:591,0
DA:593,0
DA:594,0
DA:602,0
DA:605,0
DA:610,0
DA:612,0
DA:614,0
DA:615,0
DA:616,0
DA:620,0
DA:622,0
DA:623,0
DA:624,0
DA:626,0
DA:629,0
DA:630,0
DA:631,0
DA:634,0
DA:639,0
DA:640,0
DA:641,0
DA:642,0
DA:646,0
DA:647,0
DA:650,0
DA:651,0
DA:660,0
DA:661,0
DA:662,0
DA:663,0
DA:664,0
DA:669,0
DA:670,0
DA:671,0
DA:672,0
DA:673,0
DA:678,0
DA:679,0
DA:680,0
DA:681,0
DA:682,0
DA:687,0
DA:688,0
DA:689,0
DA:690,0
DA:691,0
DA:697,0
DA:698,0
DA:699,0
DA:700,0
DA:701,0
DA:706,0
DA:708,0
DA:710,0
DA:711,0
DA:713,0
DA:716,0
DA:717,0
DA:718,0
DA:719,0
DA:720,0
DA:721,0
DA:722,0
DA:723,0
DA:724,0
DA:725,0
DA:728,0
DA:729,0
DA:730,0
DA:732,0
DA:735,0
DA:737,0
DA:739,0
DA:740,0
DA:741,0
DA:744,0
DA:745,0
DA:747,0
DA:748,0
DA:750,0
DA:751,0
DA:753,0
DA:754,0
DA:757,0
DA:758,0
DA:759,0
DA:760,0
DA:763,0
DA:771,0
DA:773,0
DA:774,0
DA:775,0
DA:776,0
DA:780,0
DA:781,0
DA:785,0
DA:787,0
DA:790,0
DA:792,0
DA:793,0
DA:795,0
DA:797,0
DA:800,0
DA:801,0
DA:803,0
DA:808,0
DA:809,0
DA:810,0
DA:811,0
DA:812,0
DA:813,0
DA:814,0
DA:815,0
DA:816,0
DA:817,0
DA:822,0
DA:825,0
DA:827,0
DA:828,0
DA:831,0
DA:833,0
DA:834,0
DA:838,0
DA:840,0
DA:841,0
DA:842,0
DA:843,0
DA:846,0
DA:847,0
DA:850,0
DA:851,0
DA:852,0
DA:853,0
DA:856,0
DA:857,0
DA:858,0
DA:859,0
DA:863,0
DA:866,0
DA:868,0
DA:869,0
DA:871,0
DA:872,0
DA:874,0
DA:875,0
DA:876,0
DA:877,0
DA:879,0
DA:880,0
DA:882,0
DA:883,0
DA:884,0
DA:885,0
DA:886,0
DA:890,0
DA:892,0
DA:893,0
DA:894,0
DA:895,0
DA:896,0
DA:898,0
DA:901,0
DA:904,0
DA:907,0
DA:910,0
DA:913,0
DA:914,0
DA:917,0
DA:918,0
DA:919,0
DA:920,0
DA:921,0
DA:922,0
DA:924,0
DA:928,0
DA:929,0
DA:930,0
DA:931,0
DA:932,0
DA:933,0
DA:935,0
DA:936,0
DA:937,0
DA:938,0
DA:941,0
DA:943,0
DA:944,0
DA:945,0
DA:947,0
DA:948,0
DA:952,0
DA:955,0
DA:958,0
DA:960,0
DA:961,0
DA:962,0
DA:965,0
DA:968,0
DA:969,0
DA:970,0
DA:972,0
DA:976,0
DA:978,0
DA:980,0
DA:981,0
DA:983,0
DA:984,0
DA:985,0
DA:986,0
DA:990,0
DA:993,0
DA:994,0
DA:999,0
DA:1000,0
DA:1001,0
DA:1005,0
DA:1006,0
DA:1007,0
DA:1008,0
DA:1012,0
DA:1013,0
DA:1014,0
DA:1016,0
DA:1022,0
DA:1023,0
DA:1029,0
DA:1030,0
DA:1041,0
DA:1044,0
DA:1054,0
DA:1056,0
DA:1057,0
DA:1058,0
DA:1059,0
DA:1061,0
DA:1064,0
DA:1066,0
DA:1067,0
DA:1068,0
DA:1069,0
DA:1070,0
DA:1071,0
DA:1072,0
DA:1073,0
DA:1074,0
DA:1075,0
DA:1100,0
DA:1110,0
DA:1112,0
DA:1113,0
DA:1121,0
DA:1124,0
DA:1134,0
DA:1137,0
DA:1142,0
DA:1143,0
DA:1146,0
DA:1148,0
DA:1150,0
DA:1151,0
DA:1152,0
DA:1155,0
DA:1167,0
DA:1168,0
DA:1171,0
DA:1172,0
DA:1175,0
DA:1181,0
DA:1182,0
DA:1185,0
DA:1187,0
DA:1189,0
DA:1190,0
DA:1191,0
DA:1192,0
DA:1193,0
DA:1196,0
DA:1202,0
DA:1203,0
DA:1206,0
DA:1207,0
DA:1210,0
DA:1216,0
DA:1217,0
DA:1220,0
DA:1221,0
DA:1224,0
DA:1230,0
DA:1231,0
DA:1234,0
DA:1236,0
DA:1238,0
DA:1239,0
DA:1240,0
DA:1243,0
DA:1249,0
DA:1250,0
DA:1253,0
DA:1254,0
DA:1257,0
DA:1266,0
DA:1267,0
DA:1270,0
DA:1272,0
DA:1274,0
DA:1275,0
DA:1276,0
DA:1279,0
DA:1284,0
DA:1285,0
DA:1288,0
DA:1290,0
DA:1292,0
DA:1293,0
DA:1294,0
DA:1295,0
DA:1296,0
DA:1299,0
DA:1304,0
DA:1305,0
DA:1308,0
DA:1310,0
DA:1312,0
DA:1313,0
DA:1314,0
DA:1315,0
DA:1316,0
DA:1319,0
DA:1323,0
DA:1324,0
DA:1325,0
DA:1326,0
DA:1339,0
DA:1340,0
DA:1341,0
DA:1342,0
DA:1343,0
DA:1344,0
DA:1345,0
DA:1346,0
DA:1348,0
DA:1349,0
DA:1350,0
DA:1351,0
DA:1352,0
DA:1353,0
DA:1354,0
DA:1355,0
DA:1356,0
DA:1357,0
DA:1358,0
DA:1359,0
DA:1364,0
DA:1369,0
DA:1371,0
DA:1372,0
DA:1373,0
DA:1374,0
DA:1375,0
DA:1376,0
DA:1377,0
DA:1378,0
DA:1379,0
DA:1380,0
DA:1381,0
DA:1382,0
DA:1383,0
DA:1384,0
DA:1386,0
DA:1387,0
DA:1388,0
DA:1390,0
DA:1391,0
DA:1392,0
DA:1394,0
DA:1396,0
DA:1397,0
DA:1399,0
DA:1400,0
DA:1401,0
DA:1405,0
DA:1406,0
DA:1408,0
DA:1409,0
DA:1412,0
DA:1420,0
DA:1421,0
DA:1423,0
DA:1424,0
DA:1426,0
DA:1427,0
DA:1428,0
DA:1429,0
DA:1430,0
DA:1432,0
DA:1444,0
DA:1463,0
DA:1464,0
DA:1469,0
DA:1479,0
DA:1489,0
DA:1499,0
DA:1500,0
DA:1501,0
DA:1514,0
DA:1515,0
DA:1516,0
DA:1517,0
DA:1518,0
DA:1519,0
DA:1520,0
DA:1532,0
DA:1542,0
DA:1543,0
DA:1545,0
DA:1546,0
DA:1547,0
DA:1557,0
DA:1568,0
DA:1569,0
DA:1570,0
DA:1571,0
DA:1572,0
DA:1573,0
DA:1575,0
DA:1580,0
DA:1581,0
DA:1583,0
DA:1584,0
DA:1594,0
DA:1604,0
DA:1614,0
DA:1619,0
DA:1629,0
DA:1639,0
DA:1642,0
DA:1644,0
DA:1645,0
DA:1646,0
DA:1647,0
DA:1649,0
DA:1651,0
DA:1653,0
DA:1654,0
DA:1656,0
DA:1663,0
DA:1673,0
DA:1676,0
DA:1677,0
DA:1680,0
DA:1682,0
DA:1684,0
DA:1685,0
DA:1686,0
DA:1689,0
DA:1692,0
DA:1695,0
DA:1698,0
DA:1699,0
DA:1702,0
DA:1703,0
DA:1706,0
DA:1709,0
DA:1710,0
DA:1713,0
DA:1714,0
DA:1715,0
DA:1718,0
DA:1721,0
DA:1722,0
DA:1723,0
DA:1724,0
DA:1725,0
DA:1726,0
DA:1727,0
DA:1728,0
DA:1729,0
DA:1730,0
DA:1731,0
DA:1732,0
DA:1733,0
DA:1734,0
DA:1735,0
DA:1736,0
DA:1737,0
DA:1738,0
DA:1739,0
DA:1740,0
DA:1741,0
DA:1742,0
DA:1743,0
DA:1744,0
DA:1745,0
DA:1746,0
DA:1747,0
DA:1748,0
DA:1750,0
LF:684
LH:0
BRDA:2,0,0,0
BRDA:2,0,1,0
BRDA:2,1,0,0
BRDA:2,1,1,0
BRDA:3,2,0,0
BRDA:3,2,1,0
BRDA:3,3,0,0
BRDA:3,3,1,0
BRDA:8,4,0,0
BRDA:8,4,1,0
BRDA:17,5,0,0
BRDA:17,5,1,0
BRDA:19,6,0,0
BRDA:19,6,1,0
BRDA:25,7,0,0
BRDA:25,7,1,0
BRDA:26,8,0,0
BRDA:26,8,1,0
BRDA:32,9,0,0
BRDA:32,9,1,0
BRDA:32,10,0,0
BRDA:32,10,1,0
BRDA:36,11,0,0
BRDA:36,11,1,0
BRDA:44,12,0,0
BRDA:44,12,1,0
BRDA:44,13,0,0
BRDA:44,13,1,0
BRDA:48,14,0,0
BRDA:48,14,1,0
BRDA:52,15,0,0
BRDA:52,15,1,0
BRDA:52,16,0,0
BRDA:52,16,1,0
BRDA:52,16,2,0
BRDA:62,17,0,0
BRDA:62,17,1,0
BRDA:62,18,0,0
BRDA:62,18,1,0
BRDA:87,19,0,0
BRDA:87,19,1,0
BRDA:87,20,0,0
BRDA:87,20,1,0
BRDA:89,21,0,0
BRDA:89,21,1,0
BRDA:114,22,0,0
BRDA:114,22,1,0
BRDA:132,23,0,0
BRDA:132,23,1,0
BRDA:132,24,0,0
BRDA:132,24,1,0
BRDA:143,25,0,0
BRDA:143,25,1,0
BRDA:143,26,0,0
BRDA:143,26,1,0
BRDA:201,27,0,0
BRDA:201,27,1,0
BRDA:201,28,0,0
BRDA:201,28,1,0
BRDA:202,29,0,0
BRDA:202,29,1,0
BRDA:202,30,0,0
BRDA:202,30,1,0
BRDA:231,31,0,0
BRDA:231,31,1,0
BRDA:231,32,0,0
BRDA:231,32,1,0
BRDA:232,33,0,0
BRDA:232,33,1,0
BRDA:232,34,0,0
BRDA:232,34,1,0
BRDA:233,35,0,0
BRDA:233,35,1,0
BRDA:233,36,0,0
BRDA:233,36,1,0
BRDA:234,37,0,0
BRDA:234,37,1,0
BRDA:234,38,0,0
BRDA:234,38,1,0
BRDA:237,39,0,0
BRDA:237,39,1,0
BRDA:282,40,0,0
BRDA:282,40,1,0
BRDA:325,41,0,0
BRDA:325,41,1,0
BRDA:355,42,0,0
BRDA:355,42,1,0
BRDA:355,43,0,0
BRDA:355,43,1,0
BRDA:359,44,0,0
BRDA:359,44,1,0
BRDA:377,45,0,0
BRDA:377,45,1,0
BRDA:391,46,0,0
BRDA:391,46,1,0
BRDA:407,47,0,0
BRDA:407,47,1,0
BRDA:436,48,0,0
BRDA:436,48,1,0
BRDA:458,49,0,0
BRDA:458,49,1,0
BRDA:474,50,0,0
BRDA:474,50,1,0
BRDA:474,51,0,0
BRDA:474,51,1,0
BRDA:477,52,0,0
BRDA:477,52,1,0
BRDA:500,53,0,0
BRDA:500,53,1,0
BRDA:582,54,0,0
BRDA:582,54,1,0
BRDA:584,55,0,0
BRDA:584,55,1,0
BRDA:624,56,0,0
BRDA:624,56,1,0
BRDA:626,57,0,0
BRDA:626,57,1,0
BRDA:629,58,0,0
BRDA:629,58,1,0
BRDA:629,59,0,0
BRDA:629,59,1,0
BRDA:634,60,0,0
BRDA:634,60,1,0
BRDA:640,61,0,0
BRDA:640,61,1,0
BRDA:640,62,0,0
BRDA:640,62,1,0
BRDA:640,62,2,0
BRDA:646,63,0,0
BRDA:646,63,1,0
BRDA:660,64,0,0
BRDA:660,64,1,0
BRDA:669,65,0,0
BRDA:669,65,1,0
BRDA:678,66,0,0
BRDA:678,66,1,0
BRDA:687,67,0,0
BRDA:687,67,1,0
BRDA:697,68,0,0
BRDA:697,68,1,0
BRDA:711,69,0,0
BRDA:711,69,1,0
BRDA:711,70,0,0
BRDA:711,70,1,0
BRDA:711,71,0,0
BRDA:711,71,1,0
BRDA:716,72,0,0
BRDA:716,72,1,0
BRDA:718,73,0,0
BRDA:718,73,1,0
BRDA:719,74,0,0
BRDA:719,74,1,0
BRDA:724,75,0,0
BRDA:724,75,1,0
BRDA:737,76,0,0
BRDA:737,76,1,0
BRDA:741,77,0,0
BRDA:741,77,1,0
BRDA:741,77,2,0
BRDA:741,77,3,0
BRDA:741,77,4,0
BRDA:771,78,0,0
BRDA:771,78,1,0
BRDA:774,79,0,0
BRDA:774,79,1,0
BRDA:780,80,0,0
BRDA:780,80,1,0
BRDA:781,81,0,0
BRDA:781,81,1,0
BRDA:790,82,0,0
BRDA:790,82,1,0
BRDA:795,83,0,0
BRDA:795,83,1,0
BRDA:797,84,0,0
BRDA:797,84,1,0
BRDA:800,85,0,0
BRDA:800,85,1,0
BRDA:808,86,0,0
BRDA:808,86,1,0
BRDA:810,87,0,0
BRDA:810,87,1,0
BRDA:810,88,0,0
BRDA:810,88,1,0
BRDA:810,88,2,0
BRDA:825,89,0,0
BRDA:825,89,1,0
BRDA:841,90,0,0
BRDA:841,90,1,0
BRDA:851,91,0,0
BRDA:851,91,1,0
BRDA:857,92,0,0
BRDA:857,92,1,0
BRDA:866,93,0,0
BRDA:866,93,1,0
BRDA:869,94,0,0
BRDA:869,94,1,0
BRDA:872,95,0,0
BRDA:872,95,1,0
BRDA:874,96,0,0
BRDA:874,96,1,0
BRDA:874,97,0,0
BRDA:874,97,1,0
BRDA:874,97,2,0
BRDA:875,98,0,0
BRDA:875,98,1,0
BRDA:877,99,0,0
BRDA:877,99,1,0
BRDA:877,100,0,0
BRDA:877,100,1,0
BRDA:879,101,0,0
BRDA:879,101,1,0
BRDA:883,102,0,0
BRDA:883,102,1,0
BRDA:883,103,0,0
BRDA:883,103,1,0
BRDA:883,103,2,0
BRDA:890,104,0,0
BRDA:890,104,1,0
BRDA:892,105,0,0
BRDA:892,105,1,0
BRDA:894,106,0,0
BRDA:894,106,1,0
BRDA:904,107,0,0
BRDA:904,107,1,0
BRDA:904,108,0,0
BRDA:904,108,1,0
BRDA:914,109,0,0
BRDA:914,109,1,0
BRDA:917,110,0,0
BRDA:917,110,1,0
BRDA:918,111,0,0
BRDA:918,111,1,0
BRDA:921,112,0,0
BRDA:921,112,1,0
BRDA:922,113,0,0
BRDA:922,113,1,0
BRDA:928,114,0,0
BRDA:928,114,1,0
BRDA:932,115,0,0
BRDA:932,115,1,0
BRDA:943,116,0,0
BRDA:943,116,1,0
BRDA:945,117,0,0
BRDA:945,117,1,0
BRDA:960,118,0,0
BRDA:960,118,1,0
BRDA:962,119,0,0
BRDA:962,119,1,0
BRDA:962,120,0,0
BRDA:962,120,1,0
BRDA:962,121,0,0
BRDA:962,121,1,0
BRDA:969,122,0,0
BRDA:969,122,1,0
BRDA:980,123,0,0
BRDA:980,123,1,0
BRDA:983,124,0,0
BRDA:983,124,1,0
BRDA:985,125,0,0
BRDA:985,125,1,0
BRDA:994,126,0,0
BRDA:994,126,1,0
BRDA:1014,127,0,0
BRDA:1014,127,1,0
BRDA:1030,128,0,0
BRDA:1030,128,1,0
BRDA:1076,129,0,0
BRDA:1076,129,1,0
BRDA:1148,130,0,0
BRDA:1148,130,1,0
BRDA:1172,131,0,0
BRDA:1172,131,1,0
BRDA:1187,132,0,0
BRDA:1187,132,1,0
BRDA:1207,133,0,0
BRDA:1207,133,1,0
BRDA:1221,134,0,0
BRDA:1221,134,1,0
BRDA:1236,135,0,0
BRDA:1236,135,1,0
BRDA:1254,136,0,0
BRDA:1254,136,1,0
BRDA:1272,137,0,0
BRDA:1272,137,1,0
BRDA:1290,138,0,0
BRDA:1290,138,1,0
BRDA:1310,139,0,0
BRDA:1310,139,1,0
BRDA:1327,140,0,0
BRDA:1327,140,1,0
BRDA:1340,141,0,0
BRDA:1340,141,1,0
BRDA:1340,142,0,0
BRDA:1340,142,1,0
BRDA:1341,143,0,0
BRDA:1341,143,1,0
BRDA:1341,144,0,0
BRDA:1341,144,1,0
BRDA:1342,145,0,0
BRDA:1342,145,1,0
BRDA:1342,146,0,0
BRDA:1342,146,1,0
BRDA:1343,147,0,0
BRDA:1343,147,1,0
BRDA:1343,148,0,0
BRDA:1343,148,1,0
BRDA:1344,149,0,0
BRDA:1344,149,1,0
BRDA:1344,150,0,0
BRDA:1344,150,1,0
BRDA:1345,151,0,0
BRDA:1345,151,1,0
BRDA:1345,152,0,0
BRDA:1345,152,1,0
BRDA:1382,153,0,0
BRDA:1382,153,1,0
BRDA:1386,154,0,0
BRDA:1386,154,1,0
BRDA:1390,155,0,0
BRDA:1390,155,1,0
BRDA:1397,156,0,0
BRDA:1397,156,1,0
BRDA:1400,157,0,0
BRDA:1400,157,1,0
BRDA:1400,158,0,0
BRDA:1400,158,1,0
BRDA:1400,158,2,0
BRDA:1405,159,0,0
BRDA:1405,159,1,0
BRDA:1405,160,0,0
BRDA:1405,160,1,0
BRDA:1406,161,0,0
BRDA:1406,161,1,0
BRDA:1420,162,0,0
BRDA:1420,162,1,0
BRDA:1424,163,0,0
BRDA:1424,163,1,0
BRDA:1499,164,0,0
BRDA:1499,164,1,0
BRDA:1542,165,0,0
BRDA:1542,165,1,0
BRDA:1542,166,0,0
BRDA:1542,166,1,0
BRDA:1570,167,0,0
BRDA:1570,167,1,0
BRDA:1580,168,0,0
BRDA:1580,168,1,0
BRDA:1653,169,0,0
BRDA:1653,169,1,0
BRDA:1682,170,0,0
BRDA:1682,170,1,0
BRDA:1703,171,0,0
BRDA:1703,171,1,0
BRDA:1713,172,0,0
BRDA:1713,172,1,0
BRDA:1713,173,0,0
BRDA:1713,173,1,0
BRDA:1715,174,0,0
BRDA:1715,174,1,0
BRF:359
BRH:0
end_of_record
TN:
SF:/Users/Spencer/Documents/git/divine-engine/src/index.ts
FN:1,(anonymous_0)
FN:2,(anonymous_2)
FNF:2
FNH:2
FNDA:9,(anonymous_0)
FNDA:205,(anonymous_2)
DA:1,15
DA:2,233
LF:2
LH:2
BRDA:1,0,0,4
BRDA:1,0,1,8
BRDA:2,1,0,26
BRDA:2,1,1,52
BRF:4
BRH:4
end_of_record
TN:
SF:/Users/Spencer/Documents/git/divine-engine/src/components/flagcomponent.ts
FN:8,FlagComponent
FNF:1
FNH:1
FNDA:4,FlagComponent
DA:1,1
DA:2,1
DA:10,12
DA:11,4
DA:12,4
DA:13,4
DA:16,4
LF:7
LH:7
BRDA:9,0,0,0
BRF:1
BRH:0
end_of_record
TN:
SF:/Users/Spencer/Documents/git/divine-engine/src/components/index.ts
FNF:0
FNH:0
DA:1,1
DA:2,1
DA:3,1
DA:4,1
LF:4
LH:4
BRF:0
BRH:0
end_of_record
TN:
SF:/Users/Spencer/Documents/git/divine-engine/src/components/messagereceivercomponent.ts
FN:4,MessageReceiverComponent
FNF:1
FNH:0
FNDA:0,MessageReceiverComponent
DA:1,1
DA:4,0
DA:5,0
DA:6,0
DA:9,0
LF:5
LH:1
BRF:0
BRH:0
end_of_record
TN:
SF:/Users/Spencer/Documents/git/divine-engine/src/components/rendercomponent.ts
FN:4,RenderComponent
FNF:1
FNH:1
FNDA:1,RenderComponent
DA:1,1
DA:4,2
LF:2
LH:2
BRF:0
BRH:0
end_of_record
TN:
SF:/Users/Spencer/Documents/git/divine-engine/src/components/soundcomponent.ts
FN:4,SoundComponent
FNF:1
FNH:0
FNDA:0,SoundComponent
DA:1,1
DA:4,0
LF:2
LH:1
BRDA:4,0,0,0
BRDA:4,0,1,0
BRDA:4,1,0,0
BRDA:4,1,1,0
BRF:4
BRH:0
end_of_record
TN:
SF:/Users/Spencer/Documents/git/divine-engine/src/core/component.ts
FN:3,Component
FNF:1
FNH:1
FNDA:5,Component
DA:1,1
DA:3,10
LF:2
LH:2
BRDA:3,0,0,5
BRDA:3,0,1,0
BRDA:3,1,0,5
BRDA:3,1,1,5
BRF:4
BRH:3
end_of_record
TN:
SF:/Users/Spencer/Documents/git/divine-engine/src/core/dobject.ts
FN:9,DObject
FNF:1
FNH:1
FNDA:42,DObject
DA:9,126
DA:10,42
DA:11,42
DA:14,8
DA:17,42
LF:5
LH:5
BRDA:9,0,0,40
BRDA:9,0,1,2
BRDA:9,1,0,42
BRDA:9,1,1,40
BRF:4
BRH:4
end_of_record
TN:
SF:/Users/Spencer/Documents/git/divine-engine/src/core/engine.ts
FN:133,Engine
FNF:1
FNH:1
FNDA:5,Engine
DA:2,1
DA:3,1
DA:4,1
DA:5,1
DA:31,5
DA:32,5
DA:33,5
DA:34,5
DA:35,5
DA:36,5
DA:37,5
DA:62,23
DA:63,22
DA:65,1
DA:66,1
DA:73,5
DA:80,5
DA:87,0
DA:90,5
DA:97,1
DA:104,1
DA:111,15
DA:118,5
DA:125,0
DA:126,0
DA:128,0
DA:133,65
DA:134,5
DA:135,5
DA:136,5
DA:137,0
DA:138,0
DA:140,5
DA:141,3
DA:143,3
DA:145,5
DA:146,0
DA:148,0
DA:150,5
DA:152,5
DA:153,5
DA:154,0
DA:155,0
DA:157,0
DA:160,5
DA:161,5
DA:163,0
DA:164,0
DA:165,0
DA:168,5
DA:169,5
DA:179,5
DA:180,5
DA:181,5
DA:182,5
DA:183,5
DA:184,5
DA:185,5
DA:194,2
DA:201,7
DA:202,2
DA:204,7
DA:205,7
DA:206,7
DA:213,1
DA:221,1
DA:222,1
DA:223,1
DA:224,0
DA:225,0
DA:226,0
DA:228,1
DA:235,7
DA:236,0
DA:238,7
DA:239,7
DA:240,0
DA:241,0
DA:242,0
DA:243,0
DA:244,0
DA:246,7
DA:255,0
DA:271,5
DA:272,5
DA:275,14
LF:86
LH:62
BRDA:25,0,0,5
BRDA:26,1,0,5
BRDA:27,2,0,5
BRDA:28,3,0,5
BRDA:29,4,0,5
BRDA:30,5,0,5
BRDA:125,6,0,0
BRDA:125,6,1,0
BRDA:62,7,0,22
BRDA:62,7,1,1
BRDA:136,8,0,0
BRDA:136,8,1,5
BRDA:140,9,0,3
BRDA:140,9,1,2
BRDA:145,10,0,0
BRDA:145,10,1,5
BRDA:153,11,0,0
BRDA:153,11,1,5
BRDA:155,12,0,0
BRDA:155,12,1,0
BRDA:155,13,0,0
BRDA:155,13,1,0
BRDA:155,13,2,0
BRDA:160,14,0,5
BRDA:160,14,1,0
BRDA:163,15,0,0
BRDA:163,15,1,0
BRDA:163,16,0,0
BRDA:163,16,1,0
BRDA:164,17,0,0
BRDA:164,17,1,0
BRDA:235,18,0,0
BRDA:235,18,1,7
BRDA:239,19,0,0
BRDA:239,19,1,7
BRDA:201,20,0,2
BRDA:201,20,1,5
BRDA:201,21,0,7
BRDA:201,21,1,2
BRDA:223,22,0,0
BRDA:223,22,1,1
BRF:41
BRH:21
end_of_record
TN:
SF:/Users/Spencer/Documents/git/divine-engine/src/core/entity.ts
FN:39,Entity
FN:98,(anonymous_21)
FN:142,(anonymous_25)
FN:152,(anonymous_27)
FN:164,(anonymous_29)
FN:185,(anonymous_32)
FNF:6
FNH:3
FNDA:34,Entity
FNDA:0,(anonymous_21)
FNDA:0,(anonymous_25)
FNDA:2,(anonymous_27)
FNDA:0,(anonymous_29)
FNDA:1,(anonymous_32)
DA:2,1
DA:3,1
DA:14,36
DA:15,36
DA:16,36
DA:44,408
DA:45,34
DA:46,34
DA:47,34
DA:48,34
DA:55,2
DA:56,0
DA:58,0
DA:60,2
DA:68,5
DA:75,0
DA:84,2
DA:85,2
DA:86,2
DA:88,0
DA:97,0
DA:98,0
DA:99,0
DA:119,1
DA:120,1
DA:122,0
DA:130,0
DA:131,0
DA:132,0
DA:142,2
DA:143,2
DA:144,2
DA:152,3
DA:153,3
DA:154,1
DA:164,0
DA:165,0
DA:166,0
DA:168,0
DA:169,0
DA:177,2
DA:185,1
DA:186,1
DA:187,1
DA:189,0
DA:190,0
DA:198,0
DA:199,0
DA:200,0
LF:49
LH:28
BRDA:14,0,0,32
BRDA:14,1,0,32
BRDA:44,2,0,6
BRDA:44,2,1,28
BRDA:44,3,0,34
BRDA:44,3,1,6
BRDA:44,4,0,4
BRDA:44,4,1,98
BRDA:41,5,0,32
BRDA:41,5,1,2
BRDA:42,6,0,33
BRDA:42,6,1,1
BRDA:43,7,0,33
BRDA:43,7,1,1
BRDA:84,8,0,2
BRDA:84,8,1,0
BRDA:119,9,0,1
BRDA:119,9,1,0
BRDA:130,10,0,0
BRDA:130,10,1,0
BRDA:143,11,0,0
BRDA:143,11,1,2
BRDA:153,12,0,2
BRDA:153,12,1,1
BRDA:165,13,0,0
BRDA:165,13,1,0
BRDA:186,14,0,1
BRDA:186,14,1,0
BRDA:55,15,0,0
BRDA:55,15,1,2
BRF:30
BRH:21
end_of_record
TN:
SF:/Users/Spencer/Documents/git/divine-engine/src/core/gamewindow.ts
FN:11,GameWindow
FNF:1
FNH:1
FNDA:5,GameWindow
DA:2,1
DA:3,1
DA:11,5
DA:12,5
DA:13,0
DA:14,0
DA:15,0
DA:17,5
DA:27,5
DA:28,5
DA:35,1
DA:39,0
DA:42,0
DA:46,0
DA:49,2
DA:52,0
DA:55,5
DA:56,5
DA:57,0
DA:58,5
DA:59,0
DA:61,5
DA:65,0
DA:68,0
DA:71,0
DA:74,0
LF:26
LH:13
BRDA:12,0,0,0
BRDA:12,0,1,5
BRDA:56,1,0,0
BRDA:56,1,1,5
BRDA:58,2,0,0
BRDA:58,2,1,5
BRDA:58,3,0,5
BRDA:58,3,1,5
BRF:8
BRH:5
end_of_record
TN:
SF:/Users/Spencer/Documents/git/divine-engine/src/core/index.ts
FN:5,(anonymous_8)
FN:6,(anonymous_10)
FNF:2
FNH:2
FNDA:6,(anonymous_8)
FNDA:111,(anonymous_10)
DA:1,1
DA:2,1
DA:3,1
DA:4,1
DA:5,18
DA:6,139
DA:7,1
DA:8,1
LF:8
LH:8
BRDA:5,0,0,5
BRDA:5,0,1,15
BRDA:6,1,0,13
BRDA:6,1,1,39
BRF:4
BRH:4
end_of_record
TN:
SF:/Users/Spencer/Documents/git/divine-engine/src/core/messagesystem.ts
FN:12,MessageSystem
FN:32,(anonymous_18)
FN:88,Message
FN:111,TestMessage
FN:129,EntityMessage
FN:139,ErrorSystemMessage
FN:151,IOSystemMessage
FN:161,PhysicsSystemMessage
FN:171,RenderSystemMessage
FN:183,SoundSystemMessage
FN:195,KeyInputMessage
FN:204,MouseInputMessage
FN:215,TouchInputMessage
FNF:13
FNH:9
FNDA:21,MessageSystem
FNDA:21,(anonymous_18)
FNDA:22,Message
FNDA:5,TestMessage
FNDA:5,EntityMessage
FNDA:0,ErrorSystemMessage
FNDA:8,IOSystemMessage
FNDA:2,PhysicsSystemMessage
FNDA:1,RenderSystemMessage
FNDA:0,SoundSystemMessage
FNDA:0,KeyInputMessage
FNDA:8,MouseInputMessage
FNDA:0,TouchInputMessage
DA:1,1
DA:12,42
DA:23,0
DA:29,6
DA:30,6
DA:31,6
DA:32,6
DA:33,21
DA:35,6
DA:88,44
DA:89,22
DA:96,15
DA:103,1
DA:111,10
DA:112,5
DA:113,5
DA:129,10
DA:139,0
DA:140,0
DA:141,0
DA:142,0
DA:151,16
DA:161,4
DA:172,2
DA:173,1
DA:174,1
DA:183,0
DA:195,0
DA:196,0
DA:197,0
DA:205,16
DA:206,8
DA:207,8
DA:208,8
DA:216,0
DA:217,0
DA:218,0
DA:219,0
LF:38
LH:25
BRF:0
BRH:0
end_of_record
TN:
SF:/Users/Spencer/Documents/git/divine-engine/src/core/scene.ts
FNF:0
FNH:0
DA:5,6
DA:6,3
DA:7,1
DA:9,2
LF:4
LH:4
BRDA:6,0,0,1
BRDA:6,0,1,2
BRF:2
BRH:2
end_of_record
TN:
SF:/Users/Spencer/Documents/git/divine-engine/src/core/logging/errorsystem.ts
FN:28,Log
FN:39,LogError
FN:48,LogInfo
FNF:3
FNH:3
FNDA:5,Log
FNDA:6,LogError
FNDA:1,LogInfo
DA:29,5
DA:30,5
DA:39,6
DA:40,6
DA:41,6
DA:48,1
DA:49,1
DA:50,1
DA:64,0
DA:65,0
LF:10
LH:8
BRDA:39,0,0,6
BRDA:39,0,1,0
BRDA:39,1,0,6
BRDA:39,1,1,6
BRDA:48,2,0,1
BRDA:48,2,1,0
BRDA:48,3,0,1
BRDA:48,3,1,1
BRF:8
BRH:6
end_of_record
TN:
SF:/Users/Spencer/Documents/git/divine-engine/src/core/logging/index.ts
FN:1,(anonymous_0)
FNF:1
FNH:1
FNDA:15,(anonymous_0)
DA:1,22
LF:1
LH:1
BRDA:1,0,0,5
BRDA:1,0,1,10
BRF:2
BRH:2
end_of_record
TN:
SF:/Users/Spencer/Documents/git/divine-engine/test/createDocument.ts
FNF:0
FNH:0
DA:3,0
DA:4,0
LF:2
LH:0
BRF:0
BRH:0
end_of_record
TN:
SF:/Users/Spencer/Documents/git/divine-engine/test/setupTests.js
FNF:0
FNH:0
DA:1,1
LF:1
LH:1
BRF:0
BRH:0
end_of_record
